Log file open, 05/16/17 13:00:56
LogInit:Display: Running engine for game: SurvivalHorror
LogPlatformFile: Not using cached read wrapper
LogInit:Display: RandInit(-776608105) SRandInit(-776608105).
LogTaskGraph: Started task graph with 5 named threads and 6 total threads with 1 sets of task threads.
LogStats: Stats thread started at 0.127271
LogInit: Using libcurl 7.47.1
LogInit:  - built for x86_64-pc-win32
LogInit:  - supports SSL with OpenSSL/1.0.2g
LogInit:  - supports HTTP deflate (compression) using libz 1.2.8
LogInit:  - other features:
LogInit:      CURL_VERSION_SSL
LogInit:      CURL_VERSION_LIBZ
LogInit:      CURL_VERSION_IPV6
LogInit:      CURL_VERSION_ASYNCHDNS
LogInit:      CURL_VERSION_LARGEFILE
LogInit:      CURL_VERSION_IDN
LogInit:  CurlRequestOptions (configurable via config and command line):
LogInit:  - bVerifyPeer = false  - Libcurl will NOT verify peer certificate
LogInit:  - bUseHttpProxy = false  - Libcurl will NOT use HTTP proxy
LogInit:  - bDontReuseConnections = false  - Libcurl will reuse connections
LogInit:  - CertBundlePath = nullptr  - Libcurl will use whatever was configured at build time.
LogInit: Build: ++UE4+Release-4.15-CL-3348071
LogInit: Engine Version: 4.15.1-3348071+++UE4+Release-4.15
LogInit: Compatible Engine Version: 4.15.0-3299760+++UE4+Release-4.15
LogInit: Net CL: 3299760
LogDevObjectVersion: Number of dev versions registered: 14
LogDevObjectVersion:   Dev-Blueprints (B0D832E4-1F89-4F0D-ACCF-7EB736FD4AA2): 8
LogDevObjectVersion:   Dev-Build (E1C64328-A22C-4D53-A36C-8E866417BD8C): 0
LogDevObjectVersion:   Dev-Core (375EC13C-06E4-48FB-B500-84F0262A717E): 2
LogDevObjectVersion:   Dev-Editor (E4B068ED-F494-42E9-A231-DA0B2E46BB41): 14
LogDevObjectVersion:   Dev-Framework (CFFC743F-43B0-4480-9391-14DF171D2073): 22
LogDevObjectVersion:   Dev-Mobile (B02B49B5-BB20-44E9-A304-32B752E40360): 0
LogDevObjectVersion:   Dev-Networking (A4E4105C-59A1-49B5-A7C5-40C4547EDFEE): 0
LogDevObjectVersion:   Dev-Online (39C831C9-5AE6-47DC-9A44-9C173E1C8E7C): 0
LogDevObjectVersion:   Dev-Physics (78F01B33-EBEA-4F98-B9B4-84EACCB95AA2): 0
LogDevObjectVersion:   Dev-Platform (6631380F-2D4D-43E0-8009-CF276956A95A): 0
LogDevObjectVersion:   Dev-Rendering (12F88B9F-8875-4AFC-A67C-D90C383ABD29): 12
LogDevObjectVersion:   Dev-Sequencer (7B5AE74C-D270-4C10-A958-57980B212A5A): 3
LogDevObjectVersion:   Dev-VR (D7296918-1DD6-4BDD-9DE2-64A83CC13884): 0
LogDevObjectVersion:   Dev-LoadTimes (C2A15278-BFE7-4AFE-6C17-90FF531DF755): 1
LogInit: Compiled (64-bit): Mar 15 2017 16:52:47
LogInit: Compiled with Visual C++: 19.00.23026.00
LogInit: Build Configuration: Development
LogInit: Branch Name: ++UE4+Release-4.15
LogInit: Command line:  /Temp/Autosaves/Game/ThirdPersonBP/Maps/UEDPCThirdPersonExampleMap -game -PIEVIACONSOLE -ResX=1280 -ResY=720  -Multiprocess -messaging -SessionName="Play in Standalone Game" -windowed 
LogInit: Base directory: C:/Program Files/Epic Games/UE_4.15/Engine/Binaries/Win64/
LogInit: Installed Engine Build: 1
LogInit: Presizing for max 8388607 objects, including 0 objects not considered by GC, pre-allocating 0 bytes for permanent pool.
LogInit: Object subsystem initialized
[2017.05.16-17.00.59:158][  0]LogInit: Selected Device Profile: [Windows]
[2017.05.16-17.00.59:158][  0]LogInit: Applying CVar settings loaded from the selected device profile: [Windows]
[2017.05.16-17.00.59:254][  0]LogInit: Computer: PRG22724
[2017.05.16-17.00.59:254][  0]LogInit: User: aepps
[2017.05.16-17.00.59:254][  0]LogInit: CPU Page size=65536, Cores=2
[2017.05.16-17.00.59:254][  0]LogInit: High frequency timer resolution =2.435859 MHz
[2017.05.16-17.00.59:254][  0]LogMemory: Memory total: Physical=7.9GB (8GB approx)
[2017.05.16-17.00.59:254][  0]LogMemory: Platform Memory Stats for Windows
[2017.05.16-17.00.59:254][  0]LogMemory: Process Physical Memory: 263.32 MB used, 263.32 MB peak
[2017.05.16-17.00.59:254][  0]LogMemory: Process Virtual Memory: 264.38 MB used, 264.38 MB peak
[2017.05.16-17.00.59:254][  0]LogMemory: Physical Memory: 6749.28 MB used,  1347.77 MB free, 8097.05 MB total
[2017.05.16-17.00.59:254][  0]LogMemory: Virtual Memory: 630.60 MB used,  1347.77 MB free, 8388608.00 MB total
[2017.05.16-17.00.59:854][  0]LogTextLocalizationManager: No specific translations for ('en-US') exist, so ('en') translations will be used.
[2017.05.16-17.01.01:039][  0]LogD3D11RHI: D3D11 adapters:
[2017.05.16-17.01.01:094][  0]LogD3D11RHI:    0. 'Intel(R) HD Graphics 4600' (Feature Level 11_0)
[2017.05.16-17.01.01:094][  0]LogD3D11RHI:       2094/0/3792 MB DedicatedVideo/DedicatedSystem/SharedSystem, Outputs:2, VendorId:0x8086
[2017.05.16-17.01.01:094][  0]LogD3D11RHI: Chosen D3D11 Adapter: 0
[2017.05.16-17.01.01:101][  0]LogD3D11RHI: Creating new Direct3DDevice
[2017.05.16-17.01.01:101][  0]LogD3D11RHI:     GPU DeviceId: 0x416 (for the marketing name, search the web for "GPU Device Id")
[2017.05.16-17.01.01:101][  0]LogWindows: EnumDisplayDevices:
[2017.05.16-17.01.01:101][  0]LogWindows:    0. 'Intel(R) HD Graphics 4600' (P:1 D:1)
[2017.05.16-17.01.01:102][  0]LogWindows:    1. 'Intel(R) HD Graphics 4600' (P:0 D:1)
[2017.05.16-17.01.01:102][  0]LogWindows:    2. 'Intel(R) HD Graphics 4600' (P:0 D:0)
[2017.05.16-17.01.01:102][  0]LogWindows:    3. 'Intel(R) HD Graphics 4600' (P:0 D:0)
[2017.05.16-17.01.01:103][  0]LogWindows:    4. 'Intel(R) HD Graphics 4600' (P:0 D:0)
[2017.05.16-17.01.01:103][  0]LogWindows:    5. 'Intel(R) HD Graphics 4600' (P:0 D:0)
[2017.05.16-17.01.01:103][  0]LogWindows:    6. 'Intel(R) HD Graphics 4600' (P:0 D:0)
[2017.05.16-17.01.01:103][  0]LogWindows:    7. 'Intel(R) HD Graphics 4600' (P:0 D:0)
[2017.05.16-17.01.01:104][  0]LogWindows:    8. 'Intel(R) HD Graphics 4600' (P:0 D:0)
[2017.05.16-17.01.01:104][  0]LogWindows:    9. 'RDPDD Chained DD' (P:0 D:0)
[2017.05.16-17.01.01:104][  0]LogWindows:    10. 'RDP Encoder Mirror Driver' (P:0 D:0)
[2017.05.16-17.01.01:104][  0]LogWindows:    11. 'RDP Reflector Display Driver' (P:0 D:0)
[2017.05.16-17.01.01:104][  0]LogWindows: DebugString: GetVideoDriverDetailsInvalid PrimaryIsNotTheChoosenAdapter GetVideoDriverDetailsInvalid PrimaryIsNotTheChoosenAdapter GetVideoDriverDetailsInvalid PrimaryIsNotTheChoosenAdapter FoundDriverCount:9 
[2017.05.16-17.01.01:104][  0]LogD3D11RHI:     Adapter Name: Intel(R) HD Graphics 4600
[2017.05.16-17.01.01:104][  0]LogD3D11RHI:   Driver Version: 10.18.14.4099 (internal:10.18.14.4099, unified:10.18.14.4099)
[2017.05.16-17.01.01:104][  0]LogD3D11RHI:      Driver Date: 1-19-2015
[2017.05.16-17.01.01:104][  0]LogRHI: Texture pool is 1361 MB (70% of 1945 MB)
[2017.05.16-17.01.01:120][  0]LogD3D11RHI: Async texture creation enabled
[2017.05.16-17.01.01:129][  0]LogD3D11RHI: GPU Timing Frequency: 12.500000 (Debug: 2 1)
[2017.05.16-17.01.01:129][  0]LogShaderCompilers: Guid format shader working directory is 18 characters bigger than the processId version (H:/HorrorGame/SurvivalHorror/Intermediate/Shaders/WorkingDirectory/8384/).
[2017.05.16-17.01.01:142][  0]LogShaderCompilers: Cleaned the shader compiler working directory 'C:/Users/aepps/AppData/Local/Temp/UnrealShaderWorkingDir/306AC94840C789911BD493BBB8BA999C/'.
[2017.05.16-17.01.01:142][  0]LogShaderCompilers:Display: Using Local Shader Compiler.
[2017.05.16-17.01.06:406][  0]LogTemp:Display: Loaded TP WindowsClientTargetPlatform
[2017.05.16-17.01.06:482][  0]LogTemp:Display: Loaded TP WindowsNoEditorTargetPlatform
[2017.05.16-17.01.06:582][  0]LogTemp:Display: Loaded TP WindowsServerTargetPlatform
[2017.05.16-17.01.06:655][  0]LogTemp:Display: Loaded TP WindowsTargetPlatform
[2017.05.16-17.01.06:655][  0]LogTargetPlatformManager:Display: Building Assets For Windows
[2017.05.16-17.01.07:496][  0]LogDerivedDataCache:Display: Max Cache Size: 512 MB
[2017.05.16-17.01.08:417][  0]LogDerivedDataCache: Loaded boot cache 0.92s 50MB C:/Users/aepps/AppData/Local/UnrealEngine/4.15/DerivedDataCache/Boot.ddc.
[2017.05.16-17.01.08:417][  0]LogDerivedDataCache:Display: Loaded Boot cache: C:/Users/aepps/AppData/Local/UnrealEngine/4.15/DerivedDataCache/Boot.ddc
[2017.05.16-17.01.08:419][  0]LogDerivedDataCache: FDerivedDataBackendGraph:  Pak pak cache file H:/HorrorGame/SurvivalHorror/DerivedDataCache/DDC.ddp not found, will not use a pak cache.
[2017.05.16-17.01.08:419][  0]LogDerivedDataCache: Unable to find inner node Pak for hierarchical cache Hierarchy.
[2017.05.16-17.01.08:421][  0]LogDerivedDataCache: FDerivedDataBackendGraph:  CompressedPak pak cache file H:/HorrorGame/SurvivalHorror/DerivedDataCache/Compressed.ddp not found, will not use a pak cache.
[2017.05.16-17.01.08:421][  0]LogDerivedDataCache: Unable to find inner node CompressedPak for hierarchical cache Hierarchy.
[2017.05.16-17.01.08:476][  0]LogDerivedDataCache:Display: Pak cache opened for reading ../../../Engine/DerivedDataCache/Compressed.ddp.
[2017.05.16-17.01.08:487][  0]LogDerivedDataCache: Using Local data cache path C:/Users/aepps/AppData/Local/UnrealEngine/Common/DerivedDataCache: Writable
[2017.05.16-17.01.08:499][  0]LogSlate: Using Freetype 2.6.0
[2017.05.16-17.01.08:529][  0]LogSlate: SlateFontCache - WITH_FREETYPE: 1, WITH_HARFBUZZ: 1
[2017.05.16-17.01.08:529][  0]LogSlate: SlateFontCache - WITH_FREETYPE: 1, WITH_HARFBUZZ: 1
[2017.05.16-17.01.14:075][  0]LogAssetRegistry: FAssetRegistry took 0.0001 seconds to start up
[2017.05.16-17.01.14:086][  0]LogPackageLocalizationCache: Processed 3 localized package path(s) for 2 prioritized culture(s) in 0.011059 seconds
[2017.05.16-17.01.14:234][  0]LogInit: Selected Device Profile: [Windows]
[2017.05.16-17.01.14:236][  0]LogContentStreaming: Texture pool size is 1000.00 MB
[2017.05.16-17.01.14:581][  0]LogMeshUtilities: Using QuadricMeshReduction for automatic static mesh reduction
[2017.05.16-17.01.14:669][  0]LogSimplygon: Simplygon DLL not present - disabling.
[2017.05.16-17.01.14:735][  0]LogMeshUtilities: Using SimplygonSwarm for distributed automatic mesh merging
[2017.05.16-17.01.14:735][  0]LogMeshUtilities: No automatic skeletal mesh reduction module available
[2017.05.16-17.01.14:735][  0]LogMeshUtilities: No automatic mesh merging module available
[2017.05.16-17.01.15:894][  0]LogNetVersion: GetLocalNetworkVersion: CL: 3299760, ProjectName: survivalhorror, ProjectVersion: , EngineNetworkVersion: 2, GameNetworkVersion: 0, NetworkChecksum: 112620118
[2017.05.16-17.01.15:974][  0]LogInit: WinSock: version 1.1 (2.2), MaxSocks=32767, MaxUdp=65467
[2017.05.16-17.01.18:052][  0]LogMoviePlayer: Initializing movie player
[2017.05.16-17.01.18:848][  0]LogTcpMessaging: Initializing TcpMessaging bridge
[2017.05.16-17.01.18:893][  0]LogUdpMessaging: Initializing bridge on interface 0.0.0.0:0 to multicast group 230.0.0.1:6666.
[2017.05.16-17.01.19:469][  0]SourceControl: Info Source control is disabled
[2017.05.16-17.01.19:469][  0]SourceControl: Info Source control is disabled
[2017.05.16-17.01.19:532][  0]SourceControl: Info Source control is disabled
[2017.05.16-17.01.20:491][  0]LogUObjectArray: 34415 objects as part of root set at end of initial load.
[2017.05.16-17.01.20:491][  0]LogUObjectAllocator: 7650576 out of 0 bytes used by permanent object pool.
[2017.05.16-17.01.20:491][  0]LogUObjectArray: CloseDisregardForGC: 0/0 objects in disregard for GC pool
[2017.05.16-17.01.20:806][  0]LogEngine: Initializing Engine...
[2017.05.16-17.01.20:807][  0]LogHMD: Failed to initialize OpenVR with code 110
[2017.05.16-17.01.20:986][  0]LogInit: XAudio2 using 'Speakers (USB PnP Sound Device)' : 2 channels at 44.1 kHz using 16 bits per sample (channel mask 0x3)
[2017.05.16-17.01.20:997][  0]LogInit: FAudioDevice initialized.
[2017.05.16-17.01.21:015][  0]LogInit: Texture streaming: Enabled
[2017.05.16-17.01.21:062][  0]LogMaterial: Uniform references updated for custom material expression Custom.
[2017.05.16-17.01.21:879][  0]LogInit:Display: Game Engine Initialized.
[2017.05.16-17.01.22:151][  0]LogInit:Display: Starting Game.
[2017.05.16-17.01.22:151][  0]LogNet: Browse: /Temp/Autosaves/Game/ThirdPersonBP/Maps/UEDPCThirdPersonExampleMap?Name=Player
[2017.05.16-17.01.22:152][  0]LogLoad: LoadMap: /Temp/Autosaves/Game/ThirdPersonBP/Maps/UEDPCThirdPersonExampleMap?Name=Player
[2017.05.16-17.01.22:275][  0]LogMemory: Platform Memory Stats for Windows
[2017.05.16-17.01.22:275][  0]LogMemory: Process Physical Memory: 617.43 MB used, 645.63 MB peak
[2017.05.16-17.01.22:275][  0]LogMemory: Process Virtual Memory: 613.46 MB used, 646.98 MB peak
[2017.05.16-17.01.22:275][  0]LogMemory: Physical Memory: 7006.27 MB used,  1090.79 MB free, 8097.05 MB total
[2017.05.16-17.01.22:275][  0]LogMemory: Virtual Memory: 1185.57 MB used,  1090.79 MB free, 8388608.00 MB total
[2017.05.16-17.01.22:275][  0]LogMemory: 
[2017.05.16-17.01.22:275][  0]Allocator Stats for TBB: (not implemented)
[2017.05.16-17.01.26:069][  0]LogAIModule: Creating AISystem for world ThirdPersonExampleMap
[2017.05.16-17.01.26:078][  0]LogLoad: Game class is 'ThirdPersonGameMode_C'
[2017.05.16-17.01.26:095][  0]LogWorld: Bringing World /Temp/Autosaves/Game/ThirdPersonBP/Maps/UEDPCThirdPersonExampleMap.ThirdPersonExampleMap up for play (max tick rate 0) at 2017.05.16-13.01.26
[2017.05.16-17.01.26:102][  0]LogWorld: Bringing up level for play took: 0.022002
[2017.05.16-17.01.26:422][  0]LogLoad: Took 4.268908 seconds to LoadMap(/Temp/Autosaves/Game/ThirdPersonBP/Maps/UEDPCThirdPersonExampleMap)
[2017.05.16-17.01.27:998][  0]LogRenderer: Reallocating scene render targets to support 1280x720 NumSamples 1 (Frame:2).
[2017.05.16-17.01.27:998][  0]LogLoad: (Engine Initialization) Total time: 34.08 seconds
[2017.05.16-17.01.27:998][  0]LogLoad: (Engine Initialization) Total Blueprint compile time: 0.41 seconds
[2017.05.16-17.01.27:998][  0]LogExternalProfiler: Found external profiler: VSPerf
[2017.05.16-17.01.27:998][  0]LogExternalProfiler: Using external profiler: VSPerf
[2017.05.16-17.01.28:015][  0]LogOcInput: OculusInput pre-init called
[2017.05.16-17.01.28:274][  1]PIE:Warning: Warning Mobility of HungerPickupF_246 : DefaultSceneRoot has to be 'Movable' if you'd like to move it with RotatingMovementComponent. 
[2017.05.16-17.01.33:785][ 78]LogBlueprintUserMessages: [HungerPickupF4_70] 100
[2017.05.16-17.01.38:358][144]LogBlueprintUserMessages: [ThirdPersonCharacter_167] 75
[2017.05.16-17.01.47:021][262]LogEngine: All Windows Closed
[2017.05.16-17.01.47:021][262]LogWindows: FPlatformMisc::RequestExit(0)
[2017.05.16-17.01.47:040][263]LogMoviePlayer: Shutting down movie player
[2017.05.16-17.01.47:866][263]LogExit: Preparing to exit.
[2017.05.16-17.01.49:325][263]LogExit: Game engine shut down
[2017.05.16-17.01.50:183][263]LogObj: Freed 0b from 0 cluster array pools.
[2017.05.16-17.01.50:184][263]LogExit: Object subsystem successfully closed.
[2017.05.16-17.01.50:385][263]LogD3D11RHI: Shutdown
[2017.05.16-17.01.50:385][263]LogD3D11RHI: CleanupD3DDevice
[2017.05.16-17.01.51:223][263]LogD3D11RHI: ~FD3D11DynamicRHI
[2017.05.16-17.01.51:442][263]LogModuleManager: Shutting down and abandoning module SequenceRecorderSections (266)
[2017.05.16-17.01.51:442][263]LogModuleManager: Shutting down and abandoning module SequenceRecorder (264)
[2017.05.16-17.01.51:461][263]LogModuleManager: Shutting down and abandoning module AutomationController (262)
[2017.05.16-17.01.51:479][263]LogModuleManager: Shutting down and abandoning module AutomationWorker (260)
[2017.05.16-17.01.51:480][263]LogModuleManager: Shutting down and abandoning module AIModule (258)
[2017.05.16-17.01.51:480][263]LogModuleManager: Shutting down and abandoning module GameplayDebugger (257)
[2017.05.16-17.01.51:487][263]LogModuleManager: Shutting down and abandoning module AITestSuite (255)
[2017.05.16-17.01.51:487][263]LogModuleManager: Shutting down and abandoning module WmfMediaFactory (252)
[2017.05.16-17.01.51:487][263]LogModuleManager: Shutting down and abandoning module MfMediaFactory (250)
[2017.05.16-17.01.51:487][263]LogModuleManager: Shutting down and abandoning module AvfMediaFactory (248)
[2017.05.16-17.01.51:487][263]LogModuleManager: Shutting down and abandoning module AndroidMediaFactory (246)
[2017.05.16-17.01.51:487][263]LogModuleManager: Shutting down and abandoning module Media (245)
[2017.05.16-17.01.51:487][263]LogModuleManager: Shutting down and abandoning module CharacterAI (242)
[2017.05.16-17.01.51:487][263]LogModuleManager: Shutting down and abandoning module SessionServices (240)
[2017.05.16-17.01.51:487][263]LogModuleManager: Shutting down and abandoning module MovieSceneCapture (238)
[2017.05.16-17.01.51:487][263]LogModuleManager: Shutting down and abandoning module GeometryCache (236)
[2017.05.16-17.01.51:487][263]LogModuleManager: Shutting down and abandoning module GeometryCacheEd (235)
[2017.05.16-17.01.51:487][263]LogModuleManager: Shutting down and abandoning module Niagara (232)
[2017.05.16-17.01.51:487][263]LogModuleManager: Shutting down and abandoning module StreamingPauseRendering (230)
[2017.05.16-17.01.51:487][263]LogModuleManager: Shutting down and abandoning module PortalServices (228)
[2017.05.16-17.01.51:487][263]LogModuleManager: Shutting down and abandoning module PortalRpc (226)
[2017.05.16-17.01.51:487][263]LogModuleManager: Shutting down and abandoning module MessagingRpc (224)
[2017.05.16-17.01.51:487][263]LogModuleManager: Shutting down and abandoning module ProfilerService (222)
[2017.05.16-17.01.51:560][263]LogModuleManager: Shutting down and abandoning module TaskGraph (220)
[2017.05.16-17.01.51:592][263]LogModuleManager: Shutting down and abandoning module SteamVRController (218)
[2017.05.16-17.01.51:592][263]LogModuleManager: Shutting down and abandoning module SteamVR (216)
[2017.05.16-17.01.51:592][263]LogModuleManager: Shutting down and abandoning module ProceduralMeshComponent (214)
[2017.05.16-17.01.51:601][263]LogModuleManager: Shutting down and abandoning module OculusLibrary (212)
[2017.05.16-17.01.51:601][263]LogModuleManager: Shutting down and abandoning module OculusInput (210)
[2017.05.16-17.01.51:601][263]LogModuleManager: Shutting down and abandoning module MobilePatchingUtils (208)
[2017.05.16-17.01.51:601][263]LogModuleManager: Shutting down and abandoning module CustomMeshComponent (206)
[2017.05.16-17.01.51:601][263]LogModuleManager: Shutting down and abandoning module CableComponent (204)
[2017.05.16-17.01.51:601][263]LogModuleManager: Shutting down and abandoning module ArchVisCharacter (202)
[2017.05.16-17.01.51:601][263]LogModuleManager: Shutting down and abandoning module HTML5Networking (198)
[2017.05.16-17.01.51:601][263]LogModuleManager: Shutting down and abandoning module VisualStudioSourceCodeAccess (196)
[2017.05.16-17.01.51:601][263]LogModuleManager: Shutting down and abandoning module DesktopPlatform (195)
[2017.05.16-17.01.51:602][263]LogModuleManager: Shutting down and abandoning module HotReload (193)
[2017.05.16-17.01.51:606][263]LogDirectoryWatcher: A directory notification for 'H:/HorrorGame/SurvivalHorror/Binaries/Win64' was aborted.
[2017.05.16-17.01.51:616][263]LogModuleManager: Shutting down and abandoning module DirectoryWatcher (192)
[2017.05.16-17.01.51:616][263]LogModuleManager: Shutting down and abandoning module UObjectPlugin (188)
[2017.05.16-17.01.51:616][263]LogModuleManager: Shutting down and abandoning module SubversionSourceControl (186)
[2017.05.16-17.01.51:626][263]LogModuleManager: Shutting down and abandoning module PerforceSourceControl (184)
[2017.05.16-17.01.51:641][263]LogModuleManager: Shutting down and abandoning module SourceControl (183)
[2017.05.16-17.01.51:652][263]LogModuleManager: Shutting down and abandoning module SurvivalHorror (180)
[2017.05.16-17.01.51:652][263]LogModuleManager: Shutting down and abandoning module PhysXVehiclesEditor (178)
[2017.05.16-17.01.51:653][263]LogModuleManager: Shutting down and abandoning module PhysXVehicles (176)
[2017.05.16-17.01.51:653][263]LogModuleManager: Shutting down and abandoning module LocationServicesBPLibrary (174)
[2017.05.16-17.01.51:653][263]LogModuleManager: Shutting down and abandoning module UdpMessaging (172)
[2017.05.16-17.01.51:753][263]LogModuleManager: Shutting down and abandoning module TcpMessaging (170)
[2017.05.16-17.01.51:879][263]LogModuleManager: Shutting down and abandoning module GameplayTagsEditor (168)
[2017.05.16-17.01.51:882][263]LogModuleManager: Shutting down and abandoning module FacialAnimation (166)
[2017.05.16-17.01.51:882][263]LogModuleManager: Shutting down and abandoning module LightPropagationVolumeRuntime (164)
[2017.05.16-17.01.51:882][263]LogModuleManager: Shutting down and abandoning module Paper2D (162)
[2017.05.16-17.01.51:904][263]LogModuleManager: Shutting down and abandoning module WindowsMoviePlayer (160)
[2017.05.16-17.01.51:904][263]LogModuleManager: Shutting down and abandoning module WmfMedia (158)
[2017.05.16-17.01.51:912][263]LogModuleManager: Shutting down and abandoning module MfMedia (156)
[2017.05.16-17.01.51:912][263]LogModuleManager: Shutting down and abandoning module MediaAssets (154)
[2017.05.16-17.01.51:912][263]LogModuleManager: Shutting down and abandoning module GameLiveStreaming (152)
[2017.05.16-17.01.51:920][263]LogModuleManager: Shutting down and abandoning module VREditor (150)
[2017.05.16-17.01.51:920][263]LogModuleManager: Shutting down and abandoning module GameplayTasksEditor (148)
[2017.05.16-17.01.51:920][263]LogModuleManager: Shutting down and abandoning module BehaviorTreeEditor (146)
[2017.05.16-17.01.51:951][263]LogModuleManager: Shutting down and abandoning module FunctionalTesting (144)
[2017.05.16-17.01.51:963][263]LogModuleManager: Shutting down and abandoning module CollisionAnalyzer (142)
[2017.05.16-17.01.51:968][263]LogModuleManager: Shutting down and abandoning module UMG (140)
[2017.05.16-17.01.51:968][263]LogModuleManager: Shutting down and abandoning module UMGEditor (139)
[2017.05.16-17.01.51:983][263]LogModuleManager: Shutting down and abandoning module Sequencer (138)
[2017.05.16-17.01.51:998][263]LogModuleManager: Shutting down and abandoning module AssetTools (136)
[2017.05.16-17.01.52:015][263]LogModuleManager: Shutting down and abandoning module MessageLog (135)
[2017.05.16-17.01.52:015][263]LogModuleManager: Shutting down and abandoning module WorkspaceMenuStructure (134)
[2017.05.16-17.01.52:015][263]LogModuleManager: Shutting down and abandoning module SlateReflector (128)
[2017.05.16-17.01.52:049][263]LogModuleManager: Shutting down and abandoning module Slate (126)
[2017.05.16-17.01.52:049][263]LogModuleManager: Shutting down and abandoning module EditorStyle (124)
[2017.05.16-17.01.52:052][263]LogModuleManager: Shutting down and abandoning module Messaging (122)
[2017.05.16-17.01.52:052][263]LogModuleManager: Shutting down and abandoning module SourceCodeAccess (120)
[2017.05.16-17.01.52:052][263]LogModuleManager: Shutting down and abandoning module HeadMountedDisplay (118)
[2017.05.16-17.01.52:052][263]LogModuleManager: Shutting down and abandoning module XAudio2 (116)
[2017.05.16-17.01.52:052][263]LogModuleManager: Shutting down and abandoning module Networking (114)
[2017.05.16-17.01.52:052][263]LogModuleManager: Shutting down and abandoning module Core (110)
[2017.05.16-17.01.52:052][263]LogModuleManager: Shutting down and abandoning module KismetCompiler (108)
[2017.05.16-17.01.52:052][263]LogModuleManager: Shutting down and abandoning module PhysXFormats (106)
[2017.05.16-17.01.52:052][263]LogModuleManager: Shutting down and abandoning module MeshUtilities (104)
[2017.05.16-17.01.52:053][263]LogModuleManager: Shutting down and abandoning module SimplygonSwarm (103)
[2017.05.16-17.01.52:059][263]LogModuleManager: Shutting down and abandoning module SimplygonMeshReduction (101)
[2017.05.16-17.01.52:059][263]LogModuleManager: Shutting down and abandoning module QuadricMeshReduction (99)
[2017.05.16-17.01.52:059][263]LogModuleManager: Shutting down and abandoning module PropertyEditor (97)
[2017.05.16-17.01.52:059][263]LogModuleManager: Shutting down and abandoning module AssetRegistry (94)
[2017.05.16-17.01.52:060][263]LogModuleManager: Shutting down and abandoning module DerivedDataCache (92)
[2017.05.16-17.01.52:488][263]LogDerivedDataCache: Shutdown
[2017.05.16-17.01.52:488][263]LogModuleManager: Shutting down and abandoning module TargetPlatform (90)
[2017.05.16-17.01.52:488][263]LogModuleManager: Shutting down and abandoning module VulkanShaderFormat (89)
[2017.05.16-17.01.52:506][263]LogModuleManager: Shutting down and abandoning module ShaderFormatOpenGL (87)
[2017.05.16-17.01.52:507][263]LogModuleManager: Shutting down and abandoning module ShaderFormatD3D (85)
[2017.05.16-17.01.52:507][263]LogModuleManager: Shutting down and abandoning module MetalShaderFormat (83)
[2017.05.16-17.01.52:520][263]LogModuleManager: Shutting down and abandoning module TextureFormatUncompressed (81)
[2017.05.16-17.01.52:520][263]LogModuleManager: Shutting down and abandoning module TextureFormatPVR (79)
[2017.05.16-17.01.52:520][263]LogModuleManager: Shutting down and abandoning module TextureFormatDXT (77)
[2017.05.16-17.01.52:520][263]LogModuleManager: Shutting down and abandoning module TextureFormatIntelISPCTexComp (75)
[2017.05.16-17.01.52:520][263]LogModuleManager: Shutting down and abandoning module TextureFormatASTC (73)
[2017.05.16-17.01.52:520][263]LogModuleManager: Shutting down and abandoning module ImageWrapper (72)
[2017.05.16-17.01.52:520][263]LogModuleManager: Shutting down and abandoning module TextureFormatAndroid (69)
[2017.05.16-17.01.52:520][263]LogModuleManager: Shutting down and abandoning module AudioFormatOpus (67)
[2017.05.16-17.01.52:530][263]LogModuleManager: Shutting down and abandoning module AudioFormatOgg (65)
[2017.05.16-17.01.52:530][263]LogModuleManager: Shutting down and abandoning module AudioFormatADPCM (63)
[2017.05.16-17.01.52:530][263]LogModuleManager: Shutting down and abandoning module WindowsTargetPlatform (61)
[2017.05.16-17.01.52:530][263]LogModuleManager: Shutting down and abandoning module WindowsServerTargetPlatform (59)
[2017.05.16-17.01.52:530][263]LogModuleManager: Shutting down and abandoning module WindowsNoEditorTargetPlatform (57)
[2017.05.16-17.01.52:530][263]LogModuleManager: Shutting down and abandoning module WindowsClientTargetPlatform (55)
[2017.05.16-17.01.52:530][263]LogModuleManager: Shutting down and abandoning module InputCore (52)
[2017.05.16-17.01.52:530][263]LogModuleManager: Shutting down and abandoning module Settings (50)
[2017.05.16-17.01.52:530][263]LogModuleManager: Shutting down and abandoning module OculusRift (48)
[2017.05.16-17.01.52:540][263]LogModuleManager: Shutting down and abandoning module GearVR (46)
[2017.05.16-17.01.52:540][263]LogModuleManager: Shutting down and abandoning module ExampleDeviceProfileSelector (44)
[2017.05.16-17.01.52:540][263]LogModuleManager: Shutting down and abandoning module OnlineBlueprintSupport (42)
[2017.05.16-17.01.52:540][263]LogModuleManager: Shutting down and abandoning module OnlineSubsystem (38)
[2017.05.16-17.01.52:540][263]LogOnline:Display: Unloading online subsystem: NULL
[2017.05.16-17.01.52:552][263]LogModuleManager: Shutting down and abandoning module XMPP (37)
[2017.05.16-17.01.52:563][263]LogModuleManager: Shutting down and abandoning module HTTP (35)
[2017.05.16-17.01.52:577][263]LogModuleManager: Shutting down and abandoning module SSL (34)
[2017.05.16-17.01.52:583][263]LogModuleManager: Shutting down and abandoning module AudioEditor (30)
[2017.05.16-17.01.52:584][263]LogModuleManager: Shutting down and abandoning module TextureCompressor (28)
[2017.05.16-17.01.52:584][263]LogModuleManager: Shutting down and abandoning module ShaderCore (26)
[2017.05.16-17.01.52:584][263]LogModuleManager: Shutting down and abandoning module Landscape (24)
[2017.05.16-17.01.52:584][263]LogModuleManager: Shutting down and abandoning module SlateRHIRenderer (22)
[2017.05.16-17.01.52:598][263]LogModuleManager: Shutting down and abandoning module OpenGLDrv (20)
[2017.05.16-17.01.52:599][263]LogModuleManager: Shutting down and abandoning module D3D11RHI (18)
[2017.05.16-17.01.52:599][263]LogModuleManager: Shutting down and abandoning module AnimGraphRuntime (16)
[2017.05.16-17.01.52:617][263]LogModuleManager: Shutting down and abandoning module Renderer (14)
[2017.05.16-17.01.52:617][263]LogModuleManager: Shutting down and abandoning module Engine (12)
[2017.05.16-17.01.52:617][263]LogModuleManager: Shutting down and abandoning module CoreUObject (10)
[2017.05.16-17.01.52:617][263]LogModuleManager: Shutting down and abandoning module NetworkFile (8)
[2017.05.16-17.01.52:617][263]LogModuleManager: Shutting down and abandoning module StreamingFile (6)
[2017.05.16-17.01.52:617][263]LogModuleManager: Shutting down and abandoning module SandboxFile (4)
[2017.05.16-17.01.52:617][263]LogModuleManager: Shutting down and abandoning module PakFile (2)
[2017.05.16-17.01.52:631][263]LogExit: Exiting.
[2017.05.16-17.01.52:634][263]Log file closed, 05/16/17 13:01:52
