Log file open, 05/16/17 11:50:34
LogInit:Display: Running engine for game: SurvivalHorror
LogPlatformFile: Not using cached read wrapper
LogInit:Display: RandInit(1825701651) SRandInit(1825701651).
LogTaskGraph: Started task graph with 5 named threads and 6 total threads with 1 sets of task threads.
LogStats: Stats thread started at 0.116102
LogInit: Using libcurl 7.47.1
LogInit:  - built for x86_64-pc-win32
LogInit:  - supports SSL with OpenSSL/1.0.2g
LogInit:  - supports HTTP deflate (compression) using libz 1.2.8
LogInit:  - other features:
LogInit:      CURL_VERSION_SSL
LogInit:      CURL_VERSION_LIBZ
LogInit:      CURL_VERSION_IPV6
LogInit:      CURL_VERSION_ASYNCHDNS
LogInit:      CURL_VERSION_LARGEFILE
LogInit:      CURL_VERSION_IDN
LogInit:  CurlRequestOptions (configurable via config and command line):
LogInit:  - bVerifyPeer = false  - Libcurl will NOT verify peer certificate
LogInit:  - bUseHttpProxy = false  - Libcurl will NOT use HTTP proxy
LogInit:  - bDontReuseConnections = false  - Libcurl will reuse connections
LogInit:  - CertBundlePath = nullptr  - Libcurl will use whatever was configured at build time.
LogInit: Build: ++UE4+Release-4.15-CL-3348071
LogInit: Engine Version: 4.15.1-3348071+++UE4+Release-4.15
LogInit: Compatible Engine Version: 4.15.0-3299760+++UE4+Release-4.15
LogInit: Net CL: 3299760
LogDevObjectVersion: Number of dev versions registered: 14
LogDevObjectVersion:   Dev-Blueprints (B0D832E4-1F89-4F0D-ACCF-7EB736FD4AA2): 8
LogDevObjectVersion:   Dev-Build (E1C64328-A22C-4D53-A36C-8E866417BD8C): 0
LogDevObjectVersion:   Dev-Core (375EC13C-06E4-48FB-B500-84F0262A717E): 2
LogDevObjectVersion:   Dev-Editor (E4B068ED-F494-42E9-A231-DA0B2E46BB41): 14
LogDevObjectVersion:   Dev-Framework (CFFC743F-43B0-4480-9391-14DF171D2073): 22
LogDevObjectVersion:   Dev-Mobile (B02B49B5-BB20-44E9-A304-32B752E40360): 0
LogDevObjectVersion:   Dev-Networking (A4E4105C-59A1-49B5-A7C5-40C4547EDFEE): 0
LogDevObjectVersion:   Dev-Online (39C831C9-5AE6-47DC-9A44-9C173E1C8E7C): 0
LogDevObjectVersion:   Dev-Physics (78F01B33-EBEA-4F98-B9B4-84EACCB95AA2): 0
LogDevObjectVersion:   Dev-Platform (6631380F-2D4D-43E0-8009-CF276956A95A): 0
LogDevObjectVersion:   Dev-Rendering (12F88B9F-8875-4AFC-A67C-D90C383ABD29): 12
LogDevObjectVersion:   Dev-Sequencer (7B5AE74C-D270-4C10-A958-57980B212A5A): 3
LogDevObjectVersion:   Dev-VR (D7296918-1DD6-4BDD-9DE2-64A83CC13884): 0
LogDevObjectVersion:   Dev-LoadTimes (C2A15278-BFE7-4AFE-6C17-90FF531DF755): 1
LogInit: Compiled (64-bit): Mar 15 2017 16:52:47
LogInit: Compiled with Visual C++: 19.00.23026.00
LogInit: Build Configuration: Development
LogInit: Branch Name: ++UE4+Release-4.15
LogInit: Command line:  /Temp/Autosaves/Game/ThirdPersonBP/Maps/UEDPCThirdPersonExampleMap -game -PIEVIACONSOLE -ResX=1280 -ResY=720  -Multiprocess -messaging -SessionName="Play in Standalone Game" -windowed 
LogInit: Base directory: C:/Program Files/Epic Games/UE_4.15/Engine/Binaries/Win64/
LogInit: Installed Engine Build: 1
LogInit: Presizing for max 8388607 objects, including 0 objects not considered by GC, pre-allocating 0 bytes for permanent pool.
LogInit: Object subsystem initialized
[2017.05.16-15.50.37:026][  0]LogInit: Selected Device Profile: [Windows]
[2017.05.16-15.50.37:027][  0]LogInit: Applying CVar settings loaded from the selected device profile: [Windows]
[2017.05.16-15.50.37:063][  0]LogInit: Computer: PRG22724
[2017.05.16-15.50.37:063][  0]LogInit: User: aepps
[2017.05.16-15.50.37:063][  0]LogInit: CPU Page size=65536, Cores=2
[2017.05.16-15.50.37:063][  0]LogInit: High frequency timer resolution =2.435859 MHz
[2017.05.16-15.50.37:063][  0]LogMemory: Memory total: Physical=7.9GB (8GB approx)
[2017.05.16-15.50.37:064][  0]LogMemory: Platform Memory Stats for Windows
[2017.05.16-15.50.37:064][  0]LogMemory: Process Physical Memory: 263.68 MB used, 263.68 MB peak
[2017.05.16-15.50.37:064][  0]LogMemory: Process Virtual Memory: 264.45 MB used, 264.45 MB peak
[2017.05.16-15.50.37:064][  0]LogMemory: Physical Memory: 5428.34 MB used,  2668.71 MB free, 8097.05 MB total
[2017.05.16-15.50.37:064][  0]LogMemory: Virtual Memory: 630.60 MB used,  2668.71 MB free, 8388608.00 MB total
[2017.05.16-15.50.37:293][  0]LogTextLocalizationManager: No specific translations for ('en-US') exist, so ('en') translations will be used.
[2017.05.16-15.50.38:306][  0]LogD3D11RHI: D3D11 adapters:
[2017.05.16-15.50.38:326][  0]LogD3D11RHI:    0. 'Intel(R) HD Graphics 4600' (Feature Level 11_0)
[2017.05.16-15.50.38:326][  0]LogD3D11RHI:       2094/0/3792 MB DedicatedVideo/DedicatedSystem/SharedSystem, Outputs:2, VendorId:0x8086
[2017.05.16-15.50.38:326][  0]LogD3D11RHI: Chosen D3D11 Adapter: 0
[2017.05.16-15.50.38:334][  0]LogD3D11RHI: Creating new Direct3DDevice
[2017.05.16-15.50.38:334][  0]LogD3D11RHI:     GPU DeviceId: 0x416 (for the marketing name, search the web for "GPU Device Id")
[2017.05.16-15.50.38:334][  0]LogWindows: EnumDisplayDevices:
[2017.05.16-15.50.38:334][  0]LogWindows:    0. 'Intel(R) HD Graphics 4600' (P:1 D:1)
[2017.05.16-15.50.38:334][  0]LogWindows:    1. 'Intel(R) HD Graphics 4600' (P:0 D:1)
[2017.05.16-15.50.38:335][  0]LogWindows:    2. 'Intel(R) HD Graphics 4600' (P:0 D:0)
[2017.05.16-15.50.38:335][  0]LogWindows:    3. 'Intel(R) HD Graphics 4600' (P:0 D:0)
[2017.05.16-15.50.38:335][  0]LogWindows:    4. 'Intel(R) HD Graphics 4600' (P:0 D:0)
[2017.05.16-15.50.38:335][  0]LogWindows:    5. 'Intel(R) HD Graphics 4600' (P:0 D:0)
[2017.05.16-15.50.38:336][  0]LogWindows:    6. 'Intel(R) HD Graphics 4600' (P:0 D:0)
[2017.05.16-15.50.38:336][  0]LogWindows:    7. 'Intel(R) HD Graphics 4600' (P:0 D:0)
[2017.05.16-15.50.38:336][  0]LogWindows:    8. 'Intel(R) HD Graphics 4600' (P:0 D:0)
[2017.05.16-15.50.38:336][  0]LogWindows:    9. 'RDPDD Chained DD' (P:0 D:0)
[2017.05.16-15.50.38:337][  0]LogWindows:    10. 'RDP Encoder Mirror Driver' (P:0 D:0)
[2017.05.16-15.50.38:337][  0]LogWindows:    11. 'RDP Reflector Display Driver' (P:0 D:0)
[2017.05.16-15.50.38:337][  0]LogWindows: DebugString: GetVideoDriverDetailsInvalid PrimaryIsNotTheChoosenAdapter GetVideoDriverDetailsInvalid PrimaryIsNotTheChoosenAdapter GetVideoDriverDetailsInvalid PrimaryIsNotTheChoosenAdapter FoundDriverCount:9 
[2017.05.16-15.50.38:337][  0]LogD3D11RHI:     Adapter Name: Intel(R) HD Graphics 4600
[2017.05.16-15.50.38:337][  0]LogD3D11RHI:   Driver Version: 10.18.14.4099 (internal:10.18.14.4099, unified:10.18.14.4099)
[2017.05.16-15.50.38:337][  0]LogD3D11RHI:      Driver Date: 1-19-2015
[2017.05.16-15.50.38:337][  0]LogRHI: Texture pool is 1361 MB (70% of 1945 MB)
[2017.05.16-15.50.38:355][  0]LogD3D11RHI: Async texture creation enabled
[2017.05.16-15.50.38:365][  0]LogD3D11RHI: GPU Timing Frequency: 12.500000 (Debug: 2 1)
[2017.05.16-15.50.38:367][  0]LogShaderCompilers: Guid format shader working directory is 18 characters bigger than the processId version (H:/HorrorGame/SurvivalHorror/Intermediate/Shaders/WorkingDirectory/7340/).
[2017.05.16-15.50.38:367][  0]LogShaderCompilers: Cleaned the shader compiler working directory 'C:/Users/aepps/AppData/Local/Temp/UnrealShaderWorkingDir/981420EF46AFD7B6E41630852A3D2D24/'.
[2017.05.16-15.50.38:367][  0]LogShaderCompilers:Display: Using Local Shader Compiler.
[2017.05.16-15.50.39:997][  0]LogTemp:Display: Loaded TP WindowsClientTargetPlatform
[2017.05.16-15.50.40:086][  0]LogTemp:Display: Loaded TP WindowsNoEditorTargetPlatform
[2017.05.16-15.50.40:171][  0]LogTemp:Display: Loaded TP WindowsServerTargetPlatform
[2017.05.16-15.50.40:244][  0]LogTemp:Display: Loaded TP WindowsTargetPlatform
[2017.05.16-15.50.40:244][  0]LogTargetPlatformManager:Display: Building Assets For Windows
[2017.05.16-15.50.40:857][  0]LogDerivedDataCache:Display: Max Cache Size: 512 MB
[2017.05.16-15.50.40:925][  0]LogDerivedDataCache: Loaded boot cache 0.07s 50MB C:/Users/aepps/AppData/Local/UnrealEngine/4.15/DerivedDataCache/Boot.ddc.
[2017.05.16-15.50.40:925][  0]LogDerivedDataCache:Display: Loaded Boot cache: C:/Users/aepps/AppData/Local/UnrealEngine/4.15/DerivedDataCache/Boot.ddc
[2017.05.16-15.50.40:927][  0]LogDerivedDataCache: FDerivedDataBackendGraph:  Pak pak cache file H:/HorrorGame/SurvivalHorror/DerivedDataCache/DDC.ddp not found, will not use a pak cache.
[2017.05.16-15.50.40:927][  0]LogDerivedDataCache: Unable to find inner node Pak for hierarchical cache Hierarchy.
[2017.05.16-15.50.40:928][  0]LogDerivedDataCache: FDerivedDataBackendGraph:  CompressedPak pak cache file H:/HorrorGame/SurvivalHorror/DerivedDataCache/Compressed.ddp not found, will not use a pak cache.
[2017.05.16-15.50.40:928][  0]LogDerivedDataCache: Unable to find inner node CompressedPak for hierarchical cache Hierarchy.
[2017.05.16-15.50.40:949][  0]LogDerivedDataCache:Display: Pak cache opened for reading ../../../Engine/DerivedDataCache/Compressed.ddp.
[2017.05.16-15.50.40:960][  0]LogDerivedDataCache: Using Local data cache path C:/Users/aepps/AppData/Local/UnrealEngine/Common/DerivedDataCache: Writable
[2017.05.16-15.50.40:970][  0]LogSlate: Using Freetype 2.6.0
[2017.05.16-15.50.40:971][  0]LogSlate: SlateFontCache - WITH_FREETYPE: 1, WITH_HARFBUZZ: 1
[2017.05.16-15.50.40:971][  0]LogSlate: SlateFontCache - WITH_FREETYPE: 1, WITH_HARFBUZZ: 1
[2017.05.16-15.50.41:361][  0]LogAssetRegistry: FAssetRegistry took 0.0001 seconds to start up
[2017.05.16-15.50.41:372][  0]LogPackageLocalizationCache: Processed 3 localized package path(s) for 2 prioritized culture(s) in 0.010783 seconds
[2017.05.16-15.50.41:405][  0]LogInit: Selected Device Profile: [Windows]
[2017.05.16-15.50.41:407][  0]LogContentStreaming: Texture pool size is 1000.00 MB
[2017.05.16-15.50.41:671][  0]LogMeshUtilities: Using QuadricMeshReduction for automatic static mesh reduction
[2017.05.16-15.50.41:722][  0]LogSimplygon: Simplygon DLL not present - disabling.
[2017.05.16-15.50.41:774][  0]LogMeshUtilities: Using SimplygonSwarm for distributed automatic mesh merging
[2017.05.16-15.50.41:774][  0]LogMeshUtilities: No automatic skeletal mesh reduction module available
[2017.05.16-15.50.41:774][  0]LogMeshUtilities: No automatic mesh merging module available
[2017.05.16-15.50.42:479][  0]LogNetVersion: GetLocalNetworkVersion: CL: 3299760, ProjectName: survivalhorror, ProjectVersion: , EngineNetworkVersion: 2, GameNetworkVersion: 0, NetworkChecksum: 112620118
[2017.05.16-15.50.42:556][  0]LogInit: WinSock: version 1.1 (2.2), MaxSocks=32767, MaxUdp=65467
[2017.05.16-15.50.43:504][  0]LogMoviePlayer: Initializing movie player
[2017.05.16-15.50.43:987][  0]LogTcpMessaging: Initializing TcpMessaging bridge
[2017.05.16-15.50.44:029][  0]LogUdpMessaging: Initializing bridge on interface 0.0.0.0:0 to multicast group 230.0.0.1:6666.
[2017.05.16-15.50.44:452][  0]SourceControl: Info Source control is disabled
[2017.05.16-15.50.44:452][  0]SourceControl: Info Source control is disabled
[2017.05.16-15.50.44:510][  0]SourceControl: Info Source control is disabled
[2017.05.16-15.50.45:270][  0]LogUObjectArray: 34415 objects as part of root set at end of initial load.
[2017.05.16-15.50.45:270][  0]LogUObjectAllocator: 7650576 out of 0 bytes used by permanent object pool.
[2017.05.16-15.50.45:270][  0]LogUObjectArray: CloseDisregardForGC: 0/0 objects in disregard for GC pool
[2017.05.16-15.50.45:388][  0]LogEngine: Initializing Engine...
[2017.05.16-15.50.45:388][  0]LogHMD: Failed to initialize OpenVR with code 110
[2017.05.16-15.50.45:523][  0]LogInit: XAudio2 using 'Speakers / Headphones (Realtek High Definition Audio)' : 2 channels at 48 kHz using 32 bits per sample (channel mask 0x3)
[2017.05.16-15.50.45:537][  0]LogInit: FAudioDevice initialized.
[2017.05.16-15.50.45:575][  0]LogInit: Texture streaming: Enabled
[2017.05.16-15.50.45:614][  0]LogMaterial: Uniform references updated for custom material expression Custom.
[2017.05.16-15.50.46:381][  0]LogInit:Display: Game Engine Initialized.
[2017.05.16-15.50.46:634][  0]LogInit:Display: Starting Game.
[2017.05.16-15.50.46:634][  0]LogNet: Browse: /Temp/Autosaves/Game/ThirdPersonBP/Maps/UEDPCThirdPersonExampleMap?Name=Player
[2017.05.16-15.50.46:653][  0]LogLoad: LoadMap: /Temp/Autosaves/Game/ThirdPersonBP/Maps/UEDPCThirdPersonExampleMap?Name=Player
[2017.05.16-15.50.46:743][  0]LogMemory: Platform Memory Stats for Windows
[2017.05.16-15.50.46:743][  0]LogMemory: Process Physical Memory: 614.51 MB used, 642.54 MB peak
[2017.05.16-15.50.46:743][  0]LogMemory: Process Virtual Memory: 596.16 MB used, 631.17 MB peak
[2017.05.16-15.50.46:743][  0]LogMemory: Physical Memory: 5800.56 MB used,  2296.49 MB free, 8097.05 MB total
[2017.05.16-15.50.46:743][  0]LogMemory: Virtual Memory: 1168.39 MB used,  2296.49 MB free, 8388608.00 MB total
[2017.05.16-15.50.46:743][  0]LogMemory: 
[2017.05.16-15.50.46:743][  0]Allocator Stats for TBB: (not implemented)
[2017.05.16-15.50.48:591][  0]LogAIModule: Creating AISystem for world ThirdPersonExampleMap
[2017.05.16-15.50.48:597][  0]LogLoad: Game class is 'ThirdPersonGameMode_C'
[2017.05.16-15.50.48:629][  0]LogWorld: Bringing World /Temp/Autosaves/Game/ThirdPersonBP/Maps/UEDPCThirdPersonExampleMap.ThirdPersonExampleMap up for play (max tick rate 0) at 2017.05.16-11.50.48
[2017.05.16-15.50.48:634][  0]LogWorld: Bringing up level for play took: 0.020023
[2017.05.16-15.50.48:674][  0]LogLoad: Took 2.020995 seconds to LoadMap(/Temp/Autosaves/Game/ThirdPersonBP/Maps/UEDPCThirdPersonExampleMap)
[2017.05.16-15.50.49:238][  0]LogRenderer: Reallocating scene render targets to support 1280x720 NumSamples 1 (Frame:2).
[2017.05.16-15.50.49:238][  0]LogLoad: (Engine Initialization) Total time: 17.00 seconds
[2017.05.16-15.50.49:238][  0]LogLoad: (Engine Initialization) Total Blueprint compile time: 0.27 seconds
[2017.05.16-15.50.49:238][  0]LogExternalProfiler: Found external profiler: VSPerf
[2017.05.16-15.50.49:238][  0]LogExternalProfiler: Using external profiler: VSPerf
[2017.05.16-15.50.49:255][  0]LogOcInput: OculusInput pre-init called
[2017.05.16-15.50.49:278][  1]PIE:Warning: Warning Mobility of HungerPickupF_246 : DefaultSceneRoot has to be 'Movable' if you'd like to move it with RotatingMovementComponent. 
[2017.05.16-15.50.56:060][120]LogBlueprintUserMessages: [HungerPickupF4_70] 100
[2017.05.16-15.50.59:368][179]LogBlueprintUserMessages: [ThirdPersonCharacter_167] 75
[2017.05.16-15.51.09:389][357]LogBlueprintUserMessages: [ThirdPersonCharacter_167] 50
[2017.05.16-15.51.19:400][541]LogBlueprintUserMessages: [ThirdPersonCharacter_167] 25
[2017.05.16-15.51.29:447][730]LogBlueprintUserMessages: [ThirdPersonCharacter_167] 0
[2017.05.16-15.51.29:501][731]LogBlueprintUserMessages: [ThirdPersonCharacter_167] You Died
[2017.05.16-15.51.47:090][  5]LogEngine: All Windows Closed
[2017.05.16-15.51.47:090][  5]LogWindows: FPlatformMisc::RequestExit(0)
[2017.05.16-15.51.47:112][  6]LogMoviePlayer: Shutting down movie player
[2017.05.16-15.51.47:416][  6]LogExit: Preparing to exit.
[2017.05.16-15.51.48:218][  6]LogExit: Game engine shut down
[2017.05.16-15.51.48:294][  6]LogObj: Freed 0b from 0 cluster array pools.
[2017.05.16-15.51.48:294][  6]LogExit: Object subsystem successfully closed.
[2017.05.16-15.51.48:306][  6]LogD3D11RHI: Shutdown
[2017.05.16-15.51.48:306][  6]LogD3D11RHI: CleanupD3DDevice
[2017.05.16-15.51.48:385][  6]LogD3D11RHI: ~FD3D11DynamicRHI
[2017.05.16-15.51.48:396][  6]LogModuleManager: Shutting down and abandoning module SequenceRecorderSections (266)
[2017.05.16-15.51.48:396][  6]LogModuleManager: Shutting down and abandoning module SequenceRecorder (264)
[2017.05.16-15.51.48:396][  6]LogModuleManager: Shutting down and abandoning module AutomationController (262)
[2017.05.16-15.51.48:396][  6]LogModuleManager: Shutting down and abandoning module AutomationWorker (260)
[2017.05.16-15.51.48:396][  6]LogModuleManager: Shutting down and abandoning module AIModule (258)
[2017.05.16-15.51.48:396][  6]LogModuleManager: Shutting down and abandoning module GameplayDebugger (257)
[2017.05.16-15.51.48:413][  6]LogModuleManager: Shutting down and abandoning module AITestSuite (255)
[2017.05.16-15.51.48:413][  6]LogModuleManager: Shutting down and abandoning module WmfMediaFactory (252)
[2017.05.16-15.51.48:413][  6]LogModuleManager: Shutting down and abandoning module MfMediaFactory (250)
[2017.05.16-15.51.48:413][  6]LogModuleManager: Shutting down and abandoning module AvfMediaFactory (248)
[2017.05.16-15.51.48:413][  6]LogModuleManager: Shutting down and abandoning module AndroidMediaFactory (246)
[2017.05.16-15.51.48:413][  6]LogModuleManager: Shutting down and abandoning module Media (245)
[2017.05.16-15.51.48:413][  6]LogModuleManager: Shutting down and abandoning module CharacterAI (242)
[2017.05.16-15.51.48:413][  6]LogModuleManager: Shutting down and abandoning module SessionServices (240)
[2017.05.16-15.51.48:413][  6]LogModuleManager: Shutting down and abandoning module MovieSceneCapture (238)
[2017.05.16-15.51.48:413][  6]LogModuleManager: Shutting down and abandoning module GeometryCache (236)
[2017.05.16-15.51.48:413][  6]LogModuleManager: Shutting down and abandoning module GeometryCacheEd (235)
[2017.05.16-15.51.48:413][  6]LogModuleManager: Shutting down and abandoning module Niagara (232)
[2017.05.16-15.51.48:413][  6]LogModuleManager: Shutting down and abandoning module StreamingPauseRendering (230)
[2017.05.16-15.51.48:413][  6]LogModuleManager: Shutting down and abandoning module PortalServices (228)
[2017.05.16-15.51.48:413][  6]LogModuleManager: Shutting down and abandoning module PortalRpc (226)
[2017.05.16-15.51.48:413][  6]LogModuleManager: Shutting down and abandoning module MessagingRpc (224)
[2017.05.16-15.51.48:413][  6]LogModuleManager: Shutting down and abandoning module ProfilerService (222)
[2017.05.16-15.51.48:463][  6]LogModuleManager: Shutting down and abandoning module TaskGraph (220)
[2017.05.16-15.51.48:463][  6]LogModuleManager: Shutting down and abandoning module SteamVRController (218)
[2017.05.16-15.51.48:463][  6]LogModuleManager: Shutting down and abandoning module SteamVR (216)
[2017.05.16-15.51.48:463][  6]LogModuleManager: Shutting down and abandoning module ProceduralMeshComponent (214)
[2017.05.16-15.51.48:463][  6]LogModuleManager: Shutting down and abandoning module OculusLibrary (212)
[2017.05.16-15.51.48:463][  6]LogModuleManager: Shutting down and abandoning module OculusInput (210)
[2017.05.16-15.51.48:463][  6]LogModuleManager: Shutting down and abandoning module MobilePatchingUtils (208)
[2017.05.16-15.51.48:463][  6]LogModuleManager: Shutting down and abandoning module CustomMeshComponent (206)
[2017.05.16-15.51.48:463][  6]LogModuleManager: Shutting down and abandoning module CableComponent (204)
[2017.05.16-15.51.48:463][  6]LogModuleManager: Shutting down and abandoning module ArchVisCharacter (202)
[2017.05.16-15.51.48:463][  6]LogModuleManager: Shutting down and abandoning module HTML5Networking (198)
[2017.05.16-15.51.48:463][  6]LogModuleManager: Shutting down and abandoning module VisualStudioSourceCodeAccess (196)
[2017.05.16-15.51.48:463][  6]LogModuleManager: Shutting down and abandoning module DesktopPlatform (195)
[2017.05.16-15.51.48:463][  6]LogModuleManager: Shutting down and abandoning module HotReload (193)
[2017.05.16-15.51.48:463][  6]LogDirectoryWatcher: A directory notification for 'H:/HorrorGame/SurvivalHorror/Binaries/Win64' was aborted.
[2017.05.16-15.51.48:464][  6]LogModuleManager: Shutting down and abandoning module DirectoryWatcher (192)
[2017.05.16-15.51.48:464][  6]LogModuleManager: Shutting down and abandoning module UObjectPlugin (188)
[2017.05.16-15.51.48:464][  6]LogModuleManager: Shutting down and abandoning module SubversionSourceControl (186)
[2017.05.16-15.51.48:464][  6]LogModuleManager: Shutting down and abandoning module PerforceSourceControl (184)
[2017.05.16-15.51.48:464][  6]LogModuleManager: Shutting down and abandoning module SourceControl (183)
[2017.05.16-15.51.48:464][  6]LogModuleManager: Shutting down and abandoning module SurvivalHorror (180)
[2017.05.16-15.51.48:464][  6]LogModuleManager: Shutting down and abandoning module PhysXVehiclesEditor (178)
[2017.05.16-15.51.48:464][  6]LogModuleManager: Shutting down and abandoning module PhysXVehicles (176)
[2017.05.16-15.51.48:465][  6]LogModuleManager: Shutting down and abandoning module LocationServicesBPLibrary (174)
[2017.05.16-15.51.48:465][  6]LogModuleManager: Shutting down and abandoning module UdpMessaging (172)
[2017.05.16-15.51.48:565][  6]LogModuleManager: Shutting down and abandoning module TcpMessaging (170)
[2017.05.16-15.51.48:997][  6]LogModuleManager: Shutting down and abandoning module GameplayTagsEditor (168)
[2017.05.16-15.51.48:997][  6]LogModuleManager: Shutting down and abandoning module FacialAnimation (166)
[2017.05.16-15.51.48:997][  6]LogModuleManager: Shutting down and abandoning module LightPropagationVolumeRuntime (164)
[2017.05.16-15.51.48:997][  6]LogModuleManager: Shutting down and abandoning module Paper2D (162)
[2017.05.16-15.51.48:997][  6]LogModuleManager: Shutting down and abandoning module WindowsMoviePlayer (160)
[2017.05.16-15.51.48:997][  6]LogModuleManager: Shutting down and abandoning module WmfMedia (158)
[2017.05.16-15.51.48:997][  6]LogModuleManager: Shutting down and abandoning module MfMedia (156)
[2017.05.16-15.51.48:997][  6]LogModuleManager: Shutting down and abandoning module MediaAssets (154)
[2017.05.16-15.51.48:997][  6]LogModuleManager: Shutting down and abandoning module GameLiveStreaming (152)
[2017.05.16-15.51.48:997][  6]LogModuleManager: Shutting down and abandoning module VREditor (150)
[2017.05.16-15.51.48:997][  6]LogModuleManager: Shutting down and abandoning module GameplayTasksEditor (148)
[2017.05.16-15.51.48:997][  6]LogModuleManager: Shutting down and abandoning module BehaviorTreeEditor (146)
[2017.05.16-15.51.48:997][  6]LogModuleManager: Shutting down and abandoning module FunctionalTesting (144)
[2017.05.16-15.51.48:997][  6]LogModuleManager: Shutting down and abandoning module CollisionAnalyzer (142)
[2017.05.16-15.51.48:997][  6]LogModuleManager: Shutting down and abandoning module UMG (140)
[2017.05.16-15.51.48:997][  6]LogModuleManager: Shutting down and abandoning module UMGEditor (139)
[2017.05.16-15.51.48:997][  6]LogModuleManager: Shutting down and abandoning module Sequencer (138)
[2017.05.16-15.51.48:997][  6]LogModuleManager: Shutting down and abandoning module AssetTools (136)
[2017.05.16-15.51.48:997][  6]LogModuleManager: Shutting down and abandoning module MessageLog (135)
[2017.05.16-15.51.48:997][  6]LogModuleManager: Shutting down and abandoning module WorkspaceMenuStructure (134)
[2017.05.16-15.51.48:998][  6]LogModuleManager: Shutting down and abandoning module SlateReflector (128)
[2017.05.16-15.51.48:998][  6]LogModuleManager: Shutting down and abandoning module Slate (126)
[2017.05.16-15.51.48:998][  6]LogModuleManager: Shutting down and abandoning module EditorStyle (124)
[2017.05.16-15.51.49:001][  6]LogModuleManager: Shutting down and abandoning module Messaging (122)
[2017.05.16-15.51.49:001][  6]LogModuleManager: Shutting down and abandoning module SourceCodeAccess (120)
[2017.05.16-15.51.49:001][  6]LogModuleManager: Shutting down and abandoning module HeadMountedDisplay (118)
[2017.05.16-15.51.49:001][  6]LogModuleManager: Shutting down and abandoning module XAudio2 (116)
[2017.05.16-15.51.49:001][  6]LogModuleManager: Shutting down and abandoning module Networking (114)
[2017.05.16-15.51.49:001][  6]LogModuleManager: Shutting down and abandoning module Core (110)
[2017.05.16-15.51.49:001][  6]LogModuleManager: Shutting down and abandoning module KismetCompiler (108)
[2017.05.16-15.51.49:001][  6]LogModuleManager: Shutting down and abandoning module PhysXFormats (106)
[2017.05.16-15.51.49:001][  6]LogModuleManager: Shutting down and abandoning module MeshUtilities (104)
[2017.05.16-15.51.49:001][  6]LogModuleManager: Shutting down and abandoning module SimplygonSwarm (103)
[2017.05.16-15.51.49:001][  6]LogModuleManager: Shutting down and abandoning module SimplygonMeshReduction (101)
[2017.05.16-15.51.49:001][  6]LogModuleManager: Shutting down and abandoning module QuadricMeshReduction (99)
[2017.05.16-15.51.49:001][  6]LogModuleManager: Shutting down and abandoning module PropertyEditor (97)
[2017.05.16-15.51.49:001][  6]LogModuleManager: Shutting down and abandoning module AssetRegistry (94)
[2017.05.16-15.51.49:001][  6]LogModuleManager: Shutting down and abandoning module DerivedDataCache (92)
[2017.05.16-15.51.49:025][  6]LogDerivedDataCache: Shutdown
[2017.05.16-15.51.49:025][  6]LogModuleManager: Shutting down and abandoning module TargetPlatform (90)
[2017.05.16-15.51.49:025][  6]LogModuleManager: Shutting down and abandoning module VulkanShaderFormat (89)
[2017.05.16-15.51.49:025][  6]LogModuleManager: Shutting down and abandoning module ShaderFormatOpenGL (87)
[2017.05.16-15.51.49:025][  6]LogModuleManager: Shutting down and abandoning module ShaderFormatD3D (85)
[2017.05.16-15.51.49:025][  6]LogModuleManager: Shutting down and abandoning module MetalShaderFormat (83)
[2017.05.16-15.51.49:025][  6]LogModuleManager: Shutting down and abandoning module TextureFormatUncompressed (81)
[2017.05.16-15.51.49:025][  6]LogModuleManager: Shutting down and abandoning module TextureFormatPVR (79)
[2017.05.16-15.51.49:025][  6]LogModuleManager: Shutting down and abandoning module TextureFormatDXT (77)
[2017.05.16-15.51.49:025][  6]LogModuleManager: Shutting down and abandoning module TextureFormatIntelISPCTexComp (75)
[2017.05.16-15.51.49:025][  6]LogModuleManager: Shutting down and abandoning module TextureFormatASTC (73)
[2017.05.16-15.51.49:025][  6]LogModuleManager: Shutting down and abandoning module ImageWrapper (72)
[2017.05.16-15.51.49:025][  6]LogModuleManager: Shutting down and abandoning module TextureFormatAndroid (69)
[2017.05.16-15.51.49:025][  6]LogModuleManager: Shutting down and abandoning module AudioFormatOpus (67)
[2017.05.16-15.51.49:025][  6]LogModuleManager: Shutting down and abandoning module AudioFormatOgg (65)
[2017.05.16-15.51.49:025][  6]LogModuleManager: Shutting down and abandoning module AudioFormatADPCM (63)
[2017.05.16-15.51.49:025][  6]LogModuleManager: Shutting down and abandoning module WindowsTargetPlatform (61)
[2017.05.16-15.51.49:026][  6]LogModuleManager: Shutting down and abandoning module WindowsServerTargetPlatform (59)
[2017.05.16-15.51.49:026][  6]LogModuleManager: Shutting down and abandoning module WindowsNoEditorTargetPlatform (57)
[2017.05.16-15.51.49:026][  6]LogModuleManager: Shutting down and abandoning module WindowsClientTargetPlatform (55)
[2017.05.16-15.51.49:026][  6]LogModuleManager: Shutting down and abandoning module InputCore (52)
[2017.05.16-15.51.49:026][  6]LogModuleManager: Shutting down and abandoning module Settings (50)
[2017.05.16-15.51.49:026][  6]LogModuleManager: Shutting down and abandoning module OculusRift (48)
[2017.05.16-15.51.49:026][  6]LogModuleManager: Shutting down and abandoning module GearVR (46)
[2017.05.16-15.51.49:026][  6]LogModuleManager: Shutting down and abandoning module ExampleDeviceProfileSelector (44)
[2017.05.16-15.51.49:026][  6]LogModuleManager: Shutting down and abandoning module OnlineBlueprintSupport (42)
[2017.05.16-15.51.49:026][  6]LogModuleManager: Shutting down and abandoning module OnlineSubsystem (38)
[2017.05.16-15.51.49:026][  6]LogOnline:Display: Unloading online subsystem: NULL
[2017.05.16-15.51.49:026][  6]LogModuleManager: Shutting down and abandoning module XMPP (37)
[2017.05.16-15.51.49:026][  6]LogModuleManager: Shutting down and abandoning module HTTP (35)
[2017.05.16-15.51.49:032][  6]LogModuleManager: Shutting down and abandoning module SSL (34)
[2017.05.16-15.51.49:034][  6]LogModuleManager: Shutting down and abandoning module AudioEditor (30)
[2017.05.16-15.51.49:034][  6]LogModuleManager: Shutting down and abandoning module TextureCompressor (28)
[2017.05.16-15.51.49:034][  6]LogModuleManager: Shutting down and abandoning module ShaderCore (26)
[2017.05.16-15.51.49:034][  6]LogModuleManager: Shutting down and abandoning module Landscape (24)
[2017.05.16-15.51.49:034][  6]LogModuleManager: Shutting down and abandoning module SlateRHIRenderer (22)
[2017.05.16-15.51.49:035][  6]LogModuleManager: Shutting down and abandoning module OpenGLDrv (20)
[2017.05.16-15.51.49:035][  6]LogModuleManager: Shutting down and abandoning module D3D11RHI (18)
[2017.05.16-15.51.49:035][  6]LogModuleManager: Shutting down and abandoning module AnimGraphRuntime (16)
[2017.05.16-15.51.49:035][  6]LogModuleManager: Shutting down and abandoning module Renderer (14)
[2017.05.16-15.51.49:035][  6]LogModuleManager: Shutting down and abandoning module Engine (12)
[2017.05.16-15.51.49:035][  6]LogModuleManager: Shutting down and abandoning module CoreUObject (10)
[2017.05.16-15.51.49:035][  6]LogModuleManager: Shutting down and abandoning module NetworkFile (8)
[2017.05.16-15.51.49:035][  6]LogModuleManager: Shutting down and abandoning module StreamingFile (6)
[2017.05.16-15.51.49:035][  6]LogModuleManager: Shutting down and abandoning module SandboxFile (4)
[2017.05.16-15.51.49:035][  6]LogModuleManager: Shutting down and abandoning module PakFile (2)
[2017.05.16-15.51.49:036][  6]LogExit: Exiting.
[2017.05.16-15.51.49:039][  6]Log file closed, 05/16/17 11:51:49
