Log file open, 04/27/17 19:41:05
LogInit:Display: Running engine for game: SurvivalHorror
LogPlatformFile: Not using cached read wrapper
LogInit:Display: RandInit(61955633) SRandInit(61955634).
LogTaskGraph: Started task graph with 5 named threads and 8 total threads with 1 sets of task threads.
LogStats: Stats thread started at 0.777311
LogInit: Using libcurl 7.47.1
LogInit:  - built for x86_64-pc-win32
LogInit:  - supports SSL with OpenSSL/1.0.2g
LogInit:  - supports HTTP deflate (compression) using libz 1.2.8
LogInit:  - other features:
LogInit:      CURL_VERSION_SSL
LogInit:      CURL_VERSION_LIBZ
LogInit:      CURL_VERSION_IPV6
LogInit:      CURL_VERSION_ASYNCHDNS
LogInit:      CURL_VERSION_LARGEFILE
LogInit:      CURL_VERSION_IDN
LogInit:  CurlRequestOptions (configurable via config and command line):
LogInit:  - bVerifyPeer = false  - Libcurl will NOT verify peer certificate
LogInit:  - bUseHttpProxy = false  - Libcurl will NOT use HTTP proxy
LogInit:  - bDontReuseConnections = false  - Libcurl will reuse connections
LogInit:  - CertBundlePath = nullptr  - Libcurl will use whatever was configured at build time.
LogInit: Build: ++UE4+Release-4.15-CL-3348071
LogInit: Engine Version: 4.15.1-3348071+++UE4+Release-4.15
LogInit: Compatible Engine Version: 4.15.0-3299760+++UE4+Release-4.15
LogInit: Net CL: 3299760
LogDevObjectVersion: Number of dev versions registered: 14
LogDevObjectVersion:   Dev-Blueprints (B0D832E4-1F89-4F0D-ACCF-7EB736FD4AA2): 8
LogDevObjectVersion:   Dev-Build (E1C64328-A22C-4D53-A36C-8E866417BD8C): 0
LogDevObjectVersion:   Dev-Core (375EC13C-06E4-48FB-B500-84F0262A717E): 2
LogDevObjectVersion:   Dev-Editor (E4B068ED-F494-42E9-A231-DA0B2E46BB41): 14
LogDevObjectVersion:   Dev-Framework (CFFC743F-43B0-4480-9391-14DF171D2073): 22
LogDevObjectVersion:   Dev-Mobile (B02B49B5-BB20-44E9-A304-32B752E40360): 0
LogDevObjectVersion:   Dev-Networking (A4E4105C-59A1-49B5-A7C5-40C4547EDFEE): 0
LogDevObjectVersion:   Dev-Online (39C831C9-5AE6-47DC-9A44-9C173E1C8E7C): 0
LogDevObjectVersion:   Dev-Physics (78F01B33-EBEA-4F98-B9B4-84EACCB95AA2): 0
LogDevObjectVersion:   Dev-Platform (6631380F-2D4D-43E0-8009-CF276956A95A): 0
LogDevObjectVersion:   Dev-Rendering (12F88B9F-8875-4AFC-A67C-D90C383ABD29): 12
LogDevObjectVersion:   Dev-Sequencer (7B5AE74C-D270-4C10-A958-57980B212A5A): 3
LogDevObjectVersion:   Dev-VR (D7296918-1DD6-4BDD-9DE2-64A83CC13884): 0
LogDevObjectVersion:   Dev-LoadTimes (C2A15278-BFE7-4AFE-6C17-90FF531DF755): 1
LogInit: Compiled (64-bit): Mar 15 2017 16:52:47
LogInit: Compiled with Visual C++: 19.00.23026.00
LogInit: Build Configuration: Development
LogInit: Branch Name: ++UE4+Release-4.15
LogInit: Command line:  
LogInit: Base directory: C:/Program Files/Epic Games/UE_4.15/Engine/Binaries/Win64/
LogInit: Installed Engine Build: 1
LogInit: Presizing for max 8388607 objects, including 0 objects not considered by GC, pre-allocating 0 bytes for permanent pool.
LogInit: Object subsystem initialized
[2017.04.27-23.41.08:513][  0]LogInit: Selected Device Profile: [Windows]
[2017.04.27-23.41.08:513][  0]LogInit: Applying CVar settings loaded from the selected device profile: [Windows]
[2017.04.27-23.41.08:687][  0]LogInit: Computer: DESKTOP-LIU1SB1
[2017.04.27-23.41.08:687][  0]LogInit: User: adran
[2017.04.27-23.41.08:687][  0]LogInit: CPU Page size=65536, Cores=4
[2017.04.27-23.41.08:687][  0]LogInit: High frequency timer resolution =1.562485 MHz
[2017.04.27-23.41.08:687][  0]LogMemory: Memory total: Physical=7.9GB (8GB approx)
[2017.04.27-23.41.08:687][  0]LogMemory: Platform Memory Stats for Windows
[2017.04.27-23.41.08:688][  0]LogMemory: Process Physical Memory: 264.77 MB used, 264.77 MB peak
[2017.04.27-23.41.08:688][  0]LogMemory: Process Virtual Memory: 262.56 MB used, 262.56 MB peak
[2017.04.27-23.41.08:688][  0]LogMemory: Physical Memory: 4660.17 MB used,  3437.98 MB free, 8098.15 MB total
[2017.04.27-23.41.08:688][  0]LogMemory: Virtual Memory: 644.71 MB used,  3437.98 MB free, 134217728.00 MB total
[2017.04.27-23.41.13:478][  0]LogTextLocalizationManager: No specific translations for ('en-US') exist, so ('en') translations will be used.
[2017.04.27-23.41.54:963][  0]LogD3D11RHI: D3D11 adapters:
[2017.04.27-23.41.55:201][  0]LogD3D11RHI:    0. 'Intel(R) HD Graphics' (Feature Level 11_0)
[2017.04.27-23.41.55:201][  0]LogD3D11RHI:       130/0/4049 MB DedicatedVideo/DedicatedSystem/SharedSystem, Outputs:1, VendorId:0x8086
[2017.04.27-23.41.55:215][  0]LogD3D11RHI:    1. 'Microsoft Basic Render Driver' (Feature Level 11_0)
[2017.04.27-23.41.55:215][  0]LogD3D11RHI:       0/0/4049 MB DedicatedVideo/DedicatedSystem/SharedSystem, Outputs:0, VendorId:0x1414
[2017.04.27-23.41.55:215][  0]LogD3D11RHI: Chosen D3D11 Adapter: 0
[2017.04.27-23.41.55:247][  0]LogD3D11RHI: Creating new Direct3DDevice
[2017.04.27-23.41.55:247][  0]LogD3D11RHI:     GPU DeviceId: 0x22b1 (for the marketing name, search the web for "GPU Device Id")
[2017.04.27-23.41.55:247][  0]LogWindows: EnumDisplayDevices:
[2017.04.27-23.41.55:248][  0]LogWindows:    0. 'Intel(R) HD Graphics' (P:1 D:1)
[2017.04.27-23.41.55:251][  0]LogWindows:    1. 'Intel(R) HD Graphics' (P:0 D:0)
[2017.04.27-23.41.55:253][  0]LogWindows:    2. 'Intel(R) HD Graphics' (P:0 D:0)
[2017.04.27-23.41.55:254][  0]LogWindows: DebugString: FoundDriverCount:3 
[2017.04.27-23.41.55:255][  0]LogD3D11RHI:     Adapter Name: Intel(R) HD Graphics
[2017.04.27-23.41.55:255][  0]LogD3D11RHI:   Driver Version: 10.18.15.4256 (internal:10.18.15.4256, unified:10.18.15.4256)
[2017.04.27-23.41.55:255][  0]LogD3D11RHI:      Driver Date: 7-17-2015
[2017.04.27-23.41.55:255][  0]LogRHI: Texture pool is 1361 MB (70% of 1945 MB)
[2017.04.27-23.41.55:271][  0]LogD3D11RHI: Async texture creation enabled
[2017.04.27-23.41.55:518][  0]LogD3D11RHI: GPU Timing Frequency: 12.500000 (Debug: 2 0)
[2017.04.27-23.41.55:535][  0]LogShaderCompilers: Guid format shader working directory is -18 characters bigger than the processId version (../../../../../../Users/adran/Documents/HorrorGame/SurvivalHorror/Intermediate/Shaders/WorkingDirectory/220/).
[2017.04.27-23.41.55:538][  0]LogShaderCompilers: Cleaned the shader compiler working directory 'C:/Users/adran/AppData/Local/Temp/UnrealShaderWorkingDir/949EE3634B3FB575A2E7D0B4DD6407B6/'.
[2017.04.27-23.41.55:538][  0]LogShaderCompilers:Display: Using Local Shader Compiler.
[2017.04.27-23.42.28:037][  0]LogTemp:Display: Loaded TP AllDesktopTargetPlatform
[2017.04.27-23.42.28:389][  0]LogTemp:Display: Loaded TP MacClientTargetPlatform
[2017.04.27-23.42.28:727][  0]LogTemp:Display: Loaded TP MacNoEditorTargetPlatform
[2017.04.27-23.42.29:075][  0]LogTemp:Display: Loaded TP MacServerTargetPlatform
[2017.04.27-23.42.29:501][  0]LogTemp:Display: Loaded TP MacTargetPlatform
[2017.04.27-23.42.29:840][  0]LogTemp:Display: Loaded TP WindowsClientTargetPlatform
[2017.04.27-23.42.30:176][  0]LogTemp:Display: Loaded TP WindowsNoEditorTargetPlatform
[2017.04.27-23.42.30:529][  0]LogTemp:Display: Loaded TP WindowsServerTargetPlatform
[2017.04.27-23.42.30:829][  0]LogTemp:Display: Loaded TP WindowsTargetPlatform
[2017.04.27-23.42.31:222][  0]LogTemp:Display: Loaded TP AndroidTargetPlatform
[2017.04.27-23.42.31:561][  0]LogTemp:Display: Loaded TP Android_ASTCTargetPlatform
[2017.04.27-23.42.31:913][  0]LogTemp:Display: Loaded TP Android_ATCTargetPlatform
[2017.04.27-23.42.32:258][  0]LogTemp:Display: Loaded TP Android_DXTTargetPlatform
[2017.04.27-23.42.32:619][  0]LogTemp:Display: Loaded TP Android_ETC1TargetPlatform
[2017.04.27-23.42.32:966][  0]LogTemp:Display: Loaded TP Android_ETC2TargetPlatform
[2017.04.27-23.42.33:649][  0]LogTemp:Display: Loaded TP Android_MultiTargetPlatform
[2017.04.27-23.42.33:649][  0]LogTemp:Display: Loaded TP Android_PVRTCTargetPlatform
[2017.04.27-23.42.33:871][  0]LogTemp:Display: Loaded TP HTML5TargetPlatform
[2017.04.27-23.42.34:681][  0]LogTemp:Display: Loaded TP IOSTargetPlatform
[2017.04.27-23.42.34:969][  0]LogTemp:Display: Loaded TP TVOSTargetPlatform
[2017.04.27-23.42.35:288][  0]LogTemp:Display: Loaded TP LinuxClientTargetPlatform
[2017.04.27-23.42.35:571][  0]LogTemp:Display: Loaded TP LinuxNoEditorTargetPlatform
[2017.04.27-23.42.35:839][  0]LogTemp:Display: Loaded TP LinuxServerTargetPlatform
[2017.04.27-23.42.36:217][  0]LogTemp:Display: Loaded TP LinuxTargetPlatform
[2017.04.27-23.42.36:217][  0]LogTargetPlatformManager:Display: Building Assets For Windows
[2017.04.27-23.42.45:059][  0]LogDerivedDataCache:Display: Max Cache Size: 512 MB
[2017.04.27-23.42.46:264][  0]LogDerivedDataCache: Loaded boot cache 1.18s 51MB C:/Users/adran/AppData/Local/UnrealEngine/4.15/DerivedDataCache/Boot.ddc.
[2017.04.27-23.42.46:264][  0]LogDerivedDataCache:Display: Loaded Boot cache: C:/Users/adran/AppData/Local/UnrealEngine/4.15/DerivedDataCache/Boot.ddc
[2017.04.27-23.42.46:265][  0]LogDerivedDataCache: FDerivedDataBackendGraph:  Pak pak cache file ../../../../../../Users/adran/Documents/HorrorGame/SurvivalHorror/DerivedDataCache/DDC.ddp not found, will not use a pak cache.
[2017.04.27-23.42.46:265][  0]LogDerivedDataCache: Unable to find inner node Pak for hierarchical cache Hierarchy.
[2017.04.27-23.42.46:265][  0]LogDerivedDataCache: FDerivedDataBackendGraph:  CompressedPak pak cache file ../../../../../../Users/adran/Documents/HorrorGame/SurvivalHorror/DerivedDataCache/Compressed.ddp not found, will not use a pak cache.
[2017.04.27-23.42.46:265][  0]LogDerivedDataCache: Unable to find inner node CompressedPak for hierarchical cache Hierarchy.
[2017.04.27-23.42.46:527][  0]LogDerivedDataCache:Display: Pak cache opened for reading ../../../Engine/DerivedDataCache/Compressed.ddp.
[2017.04.27-23.42.46:599][  0]LogDerivedDataCache: Using Local data cache path C:/Users/adran/AppData/Local/UnrealEngine/Common/DerivedDataCache: Writable
[2017.04.27-23.42.46:684][  0]LogSlate: Using Freetype 2.6.0
[2017.04.27-23.42.46:864][  0]LogSlate: SlateFontCache - WITH_FREETYPE: 1, WITH_HARFBUZZ: 1
[2017.04.27-23.42.46:864][  0]LogSlate: SlateFontCache - WITH_FREETYPE: 1, WITH_HARFBUZZ: 1
[2017.04.27-23.43.28:598][  0]LogInit: Selected Device Profile: [Windows]
[2017.04.27-23.43.28:624][  0]LogContentStreaming: Texture pool size is 0.00 MB
[2017.04.27-23.43.30:390][  0]LogMeshUtilities: Using QuadricMeshReduction for automatic static mesh reduction
[2017.04.27-23.43.30:634][  0]LogSimplygon: Simplygon DLL not present - disabling.
[2017.04.27-23.43.30:879][  0]LogMeshUtilities: Using SimplygonSwarm for distributed automatic mesh merging
[2017.04.27-23.43.30:879][  0]LogMeshUtilities: No automatic skeletal mesh reduction module available
[2017.04.27-23.43.30:879][  0]LogMeshUtilities: No automatic mesh merging module available
[2017.04.27-23.43.45:756][  0]LogNetVersion: GetLocalNetworkVersion: CL: 3299760, ProjectName: survivalhorror, ProjectVersion: , EngineNetworkVersion: 2, GameNetworkVersion: 0, NetworkChecksum: 112620118
[2017.04.27-23.43.45:995][  0]LogAssetRegistry: FAssetRegistry took 0.0249 seconds to start up
[2017.04.27-23.43.46:463][  0]LogPackageLocalizationCache: Processed 3 localized package path(s) for 2 prioritized culture(s) in 0.244195 seconds
[2017.04.27-23.43.46:481][  0]LogUObjectArray: 32493 objects as part of root set at end of initial load.
[2017.04.27-23.43.46:481][  0]LogUObjectAllocator: 7077032 out of 0 bytes used by permanent object pool.
[2017.04.27-23.43.46:481][  0]LogUObjectArray: CloseDisregardForGC: 0/0 objects in disregard for GC pool
[2017.04.27-23.43.46:782][  0]LogInit: WinSock: version 1.1 (2.2), MaxSocks=32767, MaxUdp=65467
[2017.04.27-23.45.38:395][  0]LogTcpMessaging: Initializing TcpMessaging bridge
[2017.04.27-23.45.38:551][  0]LogUdpMessaging: Initializing bridge on interface 0.0.0.0:0 to multicast group 230.0.0.1:6666.
[2017.04.27-23.45.43:201][  0]LogMaterial: Uniform references updated for custom material expression Custom.
[2017.04.27-23.45.46:536][  0]SourceControl: Info Source control is disabled
[2017.04.27-23.45.46:972][  0]SourceControl: Info Source control is disabled
[2017.04.27-23.45.47:230][  0]SourceControl: Info Source control is disabled
[2017.04.27-23.45.47:488][  0]SourceControl: Info Source control is disabled
[2017.04.27-23.45.56:855][  0]LogEngine: Initializing Engine...
[2017.04.27-23.45.56:861][  0]LogHMD: Failed to initialize OpenVR with code 110
[2017.04.27-23.46.01:214][  0]LogAIModule: Creating AISystem for world Untitled
[2017.04.27-23.46.01:305][  0]LogInit: XAudio2 using 'Speakers (Realtek High Definition Audio)' : 2 channels at 48 kHz using 32 bits per sample (channel mask 0x3)
[2017.04.27-23.46.01:981][  0]LogInit: FAudioDevice initialized.
[2017.04.27-23.46.02:083][  0]LogDerivedDataCache: Saved boot cache 0.10s 50MB C:/Users/adran/AppData/Local/UnrealEngine/4.15/DerivedDataCache/Boot.ddc.
[2017.04.27-23.46.02:108][  0]LogInit: Texture streaming: Enabled
[2017.04.27-23.46.02:551][  0]LogEngineSessionManager: EngineSessionManager initialized
[2017.04.27-23.46.02:552][  0]LogEngineSessionManager: EngineSessionManager sent abnormal shutdown report. Type=AbnormalShutdown, SessionId={2F9BAE02-4BC3-3322-E418-EFA6990023C7}
[2017.04.27-23.46.03:005][  0]LogInit: Transaction tracking system initialized
[2017.04.27-23.46.04:838][  0]BlueprintLog: New page: Editor Load
[2017.04.27-23.46.10:527][  0]LocalizationService: Info Localization service is disabled
[2017.04.27-23.46.16:201][  0]LogConsoleResponse:Display: 
[2017.04.27-23.46.21:283][  0]LogCook:Display: Max memory allowance for cook 16384mb min free memory 0mb
[2017.04.27-23.46.21:283][  0]LogCook:Display: Mobile HDR setting 1
[2017.04.27-23.46.22:223][  0]LogFileCache: Scanning file cache for directory 'C:/Users/adran/Documents/HorrorGame/SurvivalHorror/Content/' took 0.03s
[2017.04.27-23.46.29:245][  0]SourceControl: Info Source control is disabled
[2017.04.27-23.46.29:458][  0]LogSlate: Took 0.072547 seconds to synchronously load lazily loaded font '../../../Engine/Content/Slate/Fonts/Roboto-Regular.ttf' (155K)
[2017.04.28-00.02.26:719][  0]Cmd: MAP LOAD FILE="../../../../../../Users/adran/Documents/HorrorGame/SurvivalHorror/Content/ThirdPersonBP/Maps/ThirdPersonExampleMap.umap" TEMPLATE=0 SHOWPROGRESS=1 FEATURELEVEL=3
[2017.04.28-00.02.26:722][  0]LightingResults: New page: Lighting Build
[2017.04.28-00.02.26:992][  0]MapCheck: New page: Map Check
[2017.04.28-00.02.26:992][  0]LightingResults: New page: Lighting Build
[2017.04.28-00.02.31:838][  0]LogAIModule: Creating AISystem for world ThirdPersonExampleMap
[2017.04.28-00.02.32:025][  0]LogEditorServer: Finished looking for orphan Actors (0.000 secs)
[2017.04.28-00.02.32:028][  0]Cmd: MAP CHECKDEP NOCLEARLOG
[2017.04.28-00.02.32:529][  0]MapCheck: Info Map check complete: 0 Error(s), 0 Warning(s), took 501.308ms to complete.
[2017.04.28-00.02.32:530][  0]LogFileHelpers: Loading map 'ThirdPersonExampleMap' took 5.811
[2017.04.28-00.02.33:171][  0]LogStats:Warning: MetaData mismatch. Did you assign a stat to two groups? New //STATGROUP_Threads//SplashScreenThread///Thread_24e0_0///####STATCAT_Advanced#### old //STATGROUP_Threads//SplashScreenThread///Thread_ee8_0///####STATCAT_Advanced####
[2017.04.28-00.02.33:172][  0]LogCollectionManager: Loaded 0 collections in 0.007482 seconds
[2017.04.28-00.02.33:488][  0]LogFileCache: Scanning file cache for directory 'C:/Users/adran/Documents/HorrorGame/SurvivalHorror/Saved/Collections/' took 0.01s
[2017.04.28-00.02.33:488][  0]LogFileCache: Scanning file cache for directory 'C:/Users/adran/Documents/HorrorGame/SurvivalHorror/Content/Developers/adran/Collections/' took 0.01s
[2017.04.28-00.02.33:488][  0]LogFileCache: Scanning file cache for directory 'C:/Users/adran/Documents/HorrorGame/SurvivalHorror/Content/Collections/' took 0.01s
[2017.04.28-00.02.33:488][  0]LogCollectionManager: Rebuilt the GUID cache for 0 collections in 0.000017 seconds
[2017.04.28-00.02.33:532][  0]LogContentBrowser: Native class hierarchy populated in 0.0422 seconds. Added 2245 classes and 453 folders.
[2017.04.28-00.02.33:554][  0]LogStats: UGameplayTagsManager::ConstructGameplayTagTree: Construct from data asset -  0.000 s
[2017.04.28-00.02.33:554][  0]LogStats: UGameplayTagsManager::ConstructGameplayTagTree: GameplayTagTreeChangedEvent.Broadcast -  0.000 s
[2017.04.28-00.02.33:935][  0]LogContentBrowser: Native class hierarchy updated for 'WidgetCarousel' in 0.0020 seconds. Added 0 classes and 0 folders.
[2017.04.28-00.02.37:257][  0]LogContentBrowser: Native class hierarchy updated for 'AddContentDialog' in 0.0019 seconds. Added 0 classes and 0 folders.
[2017.04.28-00.02.37:531][  0]LogContentBrowser: Native class hierarchy updated for 'SceneOutliner' in 0.0018 seconds. Added 1 classes and 2 folders.
[2017.04.28-00.02.37:834][  0]LogCrashTracker: Crashtracker disabled due to settings.
[2017.04.28-00.02.37:853][  0]LogUObjectGlobals:Warning: Failed to find object 'Class None.'
[2017.04.28-00.02.38:191][  0]LogContentBrowser: Native class hierarchy updated for 'HierarchicalLODOutliner' in 0.0024 seconds. Added 1 classes and 2 folders.
[2017.04.28-00.02.38:192][  0]LogLoad: (Engine Initialization) Total time: 1326.24 seconds
[2017.04.28-00.02.38:192][  0]LogLoad: (Engine Initialization) Total Blueprint compile time: 1.25 seconds
[2017.04.28-00.02.38:192][  0]LogExternalProfiler: Found external profiler: VSPerf
[2017.04.28-00.02.38:192][  0]LogExternalProfiler: Using external profiler: VSPerf
[2017.04.28-00.02.38:203][  0]LogOcInput: OculusInput pre-init called
[2017.04.28-00.02.38:240][  0]LogContentStreaming: Texture pool size now 3000 MB
[2017.04.28-00.02.38:652][  0]LogSlate: Took 0.090279 seconds to synchronously load lazily loaded font '../../../Engine/Content/Slate/Fonts/Roboto-Bold.ttf' (160K)
[2017.04.28-00.02.38:705][  0]LogSlate: Took 0.034311 seconds to synchronously load lazily loaded font '../../../Engine/Content/Editor/Slate/Fonts/FontAwesome.ttf' (139K)
[2017.04.28-00.02.41:021][  0]LogSlate: Took 0.086777 seconds to synchronously load lazily loaded font '../../../Engine/Content/Slate/Fonts/Roboto-Light.ttf' (159K)
[2017.04.28-00.02.41:309][  0]LogRenderer: Reallocating scene render targets to support 1004x456 NumSamples 1 (Frame:2).
[2017.04.28-00.02.46:581][  2]LogSlate: Took 0.001184 seconds to synchronously load lazily loaded font '../../../Engine/Content/Slate/Fonts/Roboto-Light.ttf' (159K)
[2017.04.28-00.02.47:549][  5]LogAssetRegistry: Asset discovery search completed in 1141.5779 seconds
[2017.04.28-00.02.47:549][  5]LogCollectionManager: Rebuilt the object cache for 0 collections in 0.000051 seconds (found 0 objects)
[2017.04.28-00.02.47:550][  5]LogCollectionManager: Fixed up redirectors for 0 collections in 0.000159 seconds (updated 0 objects)
[2017.04.28-00.03.17:509][120]LogTemp: Repeting last play command: Selected Viewport
[2017.04.28-00.03.17:560][120]LogBlueprintUserMessages: Early PlayInEditor Detection: Level '/Game/ThirdPersonBP/Maps/ThirdPersonExampleMap.ThirdPersonExampleMap:PersistentLevel' has LevelScriptBlueprint '/Game/ThirdPersonBP/Maps/ThirdPersonExampleMap.ThirdPersonExampleMap:PersistentLevel.ThirdPersonExampleMap' with GeneratedClass '/Game/ThirdPersonBP/Maps/ThirdPersonExampleMap.ThirdPersonExampleMap_C' with ClassGeneratedBy '/Game/ThirdPersonBP/Maps/ThirdPersonExampleMap.ThirdPersonExampleMap:PersistentLevel.ThirdPersonExampleMap'
[2017.04.28-00.03.17:576][120]LogPlayLevel: PlayLevel: No blueprints needed recompiling
[2017.04.28-00.03.17:662][120]PIE: New page: PIE session: ThirdPersonExampleMap (Apr 27, 2017, 4:03:17 PM)
[2017.04.28-00.03.17:693][120]LogPlayLevel: Creating play world package: /Game/ThirdPersonBP/Maps/UEDPIE_0_ThirdPersonExampleMap
[2017.04.28-00.03.17:871][120]LogPlayLevel: PIE: StaticDuplicateObject took: (0.177631s)
[2017.04.28-00.03.17:873][120]LogAIModule: Creating AISystem for world ThirdPersonExampleMap
[2017.04.28-00.03.17:874][120]LogPlayLevel: PIE: World Init took: (0.002366s)
[2017.04.28-00.03.17:892][120]LogPlayLevel: PIE: Created PIE world by copying editor world from /Game/ThirdPersonBP/Maps/ThirdPersonExampleMap.ThirdPersonExampleMap to /Game/ThirdPersonBP/Maps/UEDPIE_0_ThirdPersonExampleMap.ThirdPersonExampleMap (0.206762s)
[2017.04.28-00.03.18:147][120]LogInit: XAudio2 using 'Speakers (Realtek High Definition Audio)' : 2 channels at 48 kHz using 32 bits per sample (channel mask 0x3)
[2017.04.28-00.03.18:183][120]LogInit: FAudioDevice initialized.
[2017.04.28-00.03.18:561][120]LogLoad: Game class is 'ThirdPersonGameMode_C'
[2017.04.28-00.03.18:676][120]LogWorld: Bringing World /Game/ThirdPersonBP/Maps/UEDPIE_0_ThirdPersonExampleMap.ThirdPersonExampleMap up for play (max tick rate 0) at 2017.04.27-20.03.18
[2017.04.28-00.03.18:771][120]LogWorld: Bringing up level for play took: 0.121490
[2017.04.28-00.03.19:244][120]LogContentBrowser: Native class hierarchy updated for 'MovieSceneCapture' in 0.0024 seconds. Added 11 classes and 0 folders.
[2017.04.28-00.03.19:325][120]PIE: Info Play in editor start time for /Game/ThirdPersonBP/Maps/UEDPIE_0_ThirdPersonExampleMap 0.856
[2017.04.28-00.03.19:326][120]LogBlueprintUserMessages: Late PlayInEditor Detection: Level '/Game/ThirdPersonBP/Maps/ThirdPersonExampleMap.ThirdPersonExampleMap:PersistentLevel' has LevelScriptBlueprint '/Game/ThirdPersonBP/Maps/ThirdPersonExampleMap.ThirdPersonExampleMap:PersistentLevel.ThirdPersonExampleMap' with GeneratedClass '/Game/ThirdPersonBP/Maps/ThirdPersonExampleMap.ThirdPersonExampleMap_C' with ClassGeneratedBy '/Game/ThirdPersonBP/Maps/ThirdPersonExampleMap.ThirdPersonExampleMap:PersistentLevel.ThirdPersonExampleMap'
[2017.04.28-00.03.24:336][200]LogBlueprintUserMessages: [ThirdPersonCharacter_167] 75
[2017.04.28-00.03.29:312][293]LogBlueprintUserMessages: [ThirdPersonCharacter_167] 50
[2017.04.28-00.03.29:522][297]LogBlueprintUserMessages: Early EndPlayMap Detection: Level '/Game/ThirdPersonBP/Maps/ThirdPersonExampleMap.ThirdPersonExampleMap:PersistentLevel' has LevelScriptBlueprint '/Game/ThirdPersonBP/Maps/ThirdPersonExampleMap.ThirdPersonExampleMap:PersistentLevel.ThirdPersonExampleMap' with GeneratedClass '/Game/ThirdPersonBP/Maps/ThirdPersonExampleMap.ThirdPersonExampleMap_C' with ClassGeneratedBy '/Game/ThirdPersonBP/Maps/ThirdPersonExampleMap.ThirdPersonExampleMap:PersistentLevel.ThirdPersonExampleMap'
[2017.04.28-00.03.29:824][297]LogBlueprintUserMessages: Late EndPlayMap Detection: Level '/Game/ThirdPersonBP/Maps/ThirdPersonExampleMap.ThirdPersonExampleMap:PersistentLevel' has LevelScriptBlueprint '/Game/ThirdPersonBP/Maps/ThirdPersonExampleMap.ThirdPersonExampleMap:PersistentLevel.ThirdPersonExampleMap' with GeneratedClass '/Game/ThirdPersonBP/Maps/ThirdPersonExampleMap.ThirdPersonExampleMap_C' with ClassGeneratedBy '/Game/ThirdPersonBP/Maps/ThirdPersonExampleMap.ThirdPersonExampleMap:PersistentLevel.ThirdPersonExampleMap'
[2017.04.28-00.03.34:003][356]LogWindowsTextInputMethodSystem:Display: IME system now deactivated.
[2017.04.28-00.03.34:743][357]Cmd: QUIT_EDITOR
[2017.04.28-00.03.36:331][357]LogExit: Preparing to exit.
[2017.04.28-00.03.37:435][357]LogDirectoryWatcher: A directory notification for 'C:/Users/adran/Documents/HorrorGame/SurvivalHorror/Content/' was aborted.
[2017.04.28-00.03.37:634][357]LogExit: Editor shut down
[2017.04.28-00.03.37:635][357]LogExit: Transaction tracking system shut down
[2017.04.28-00.03.38:843][357]LogObj: Freed 0b from 0 cluster array pools.
[2017.04.28-00.03.38:844][357]LogExit: Object subsystem successfully closed.
[2017.04.28-00.03.39:057][357]LogD3D11RHI: Shutdown
[2017.04.28-00.03.39:057][357]LogD3D11RHI: CleanupD3DDevice
[2017.04.28-00.03.39:447][357]LogD3D11RHI: ~FD3D11DynamicRHI
[2017.04.28-00.03.40:312][357]LogModuleManager: Shutting down and abandoning module MovieSceneCapture (500)
[2017.04.28-00.03.40:312][357]LogModuleManager: Shutting down and abandoning module HierarchicalLODOutliner (498)
[2017.04.28-00.03.40:320][357]LogModuleManager: Shutting down and abandoning module CrashTracker (496)
[2017.04.28-00.03.40:320][357]LogModuleManager: Shutting down and abandoning module SceneOutliner (494)
[2017.04.28-00.03.40:320][357]LogModuleManager: Shutting down and abandoning module AddContentDialog (492)
[2017.04.28-00.03.40:344][357]LogDirectoryWatcher: A directory notification for 'C:/Program Files/Epic Games/UE_4.15/FeaturePacks/' was aborted.
[2017.04.28-00.03.40:348][357]LogModuleManager: Shutting down and abandoning module WidgetCarousel (491)
[2017.04.28-00.03.40:348][357]LogModuleManager: Shutting down and abandoning module EditorWidgets (488)
[2017.04.28-00.03.40:348][357]LogModuleManager: Shutting down and abandoning module CollectionManager (486)
[2017.04.28-00.03.40:356][357]LogDirectoryWatcher: A directory notification for 'C:/Users/adran/Documents/HorrorGame/SurvivalHorror/Content/Collections/' was aborted.
[2017.04.28-00.03.40:356][357]LogDirectoryWatcher: A directory notification for 'C:/Users/adran/Documents/HorrorGame/SurvivalHorror/Content/Developers/adran/Collections/' was aborted.
[2017.04.28-00.03.40:356][357]LogDirectoryWatcher: A directory notification for 'C:/Users/adran/Documents/HorrorGame/SurvivalHorror/Saved/Collections/' was aborted.
[2017.04.28-00.03.40:357][357]LogModuleManager: Shutting down and abandoning module StatsViewer (484)
[2017.04.28-00.03.40:381][357]LogModuleManager: Shutting down and abandoning module FoliageEdit (482)
[2017.04.28-00.03.40:400][357]LogModuleManager: Shutting down and abandoning module LandscapeEditor (480)
[2017.04.28-00.03.40:426][357]LogModuleManager: Shutting down and abandoning module SceneDepthPickerMode (478)
[2017.04.28-00.03.40:426][357]LogModuleManager: Shutting down and abandoning module ActorPickerMode (476)
[2017.04.28-00.03.40:426][357]LogModuleManager: Shutting down and abandoning module GeometryMode (474)
[2017.04.28-00.03.40:433][357]LogModuleManager: Shutting down and abandoning module TextureAlignMode (472)
[2017.04.28-00.03.40:433][357]LogModuleManager: Shutting down and abandoning module BspMode (470)
[2017.04.28-00.03.40:447][357]LogModuleManager: Shutting down and abandoning module HardwareSurvey (468)
[2017.04.28-00.03.40:447][357]LogModuleManager: Shutting down and abandoning module SequenceRecorderSections (466)
[2017.04.28-00.03.40:447][357]LogModuleManager: Shutting down and abandoning module AutomationWorker (464)
[2017.04.28-00.03.40:447][357]LogModuleManager: Shutting down and abandoning module MatineeToLevelSequence (462)
[2017.04.28-00.03.40:447][357]LogModuleManager: Shutting down and abandoning module LevelSequenceEditor (460)
[2017.04.28-00.03.40:487][357]LogModuleManager: Shutting down and abandoning module PlacementMode (459)
[2017.04.28-00.03.40:487][357]LogModuleManager: Shutting down and abandoning module WmfMediaFactory (456)
[2017.04.28-00.03.40:487][357]LogModuleManager: Shutting down and abandoning module WmfMediaEditor (454)
[2017.04.28-00.03.40:487][357]LogModuleManager: Shutting down and abandoning module MfMediaFactory (452)
[2017.04.28-00.03.40:487][357]LogModuleManager: Shutting down and abandoning module MfMediaEditor (450)
[2017.04.28-00.03.40:487][357]LogModuleManager: Shutting down and abandoning module AvfMediaFactory (448)
[2017.04.28-00.03.40:487][357]LogModuleManager: Shutting down and abandoning module AvfMediaEditor (446)
[2017.04.28-00.03.40:487][357]LogModuleManager: Shutting down and abandoning module AndroidMediaFactory (444)
[2017.04.28-00.03.40:487][357]LogModuleManager: Shutting down and abandoning module Media (443)
[2017.04.28-00.03.40:487][357]LogModuleManager: Shutting down and abandoning module AndroidMediaEditor (440)
[2017.04.28-00.03.40:487][357]LogModuleManager: Shutting down and abandoning module CharacterAI (438)
[2017.04.28-00.03.40:488][357]LogModuleManager: Shutting down and abandoning module AudioCapture (436)
[2017.04.28-00.03.40:488][357]LogModuleManager: Shutting down and abandoning module SequenceRecorder (435)
[2017.04.28-00.03.40:533][357]LogModuleManager: Shutting down and abandoning module SmartSnapping (432)
[2017.04.28-00.03.40:533][357]LogModuleManager: Shutting down and abandoning module SessionServices (430)
[2017.04.28-00.03.40:533][357]LogModuleManager: Shutting down and abandoning module ViewportSnapping (428)
[2017.04.28-00.03.40:533][357]LogModuleManager: Shutting down and abandoning module ViewportInteraction (426)
[2017.04.28-00.03.40:533][357]LogModuleManager: Shutting down and abandoning module LogVisualizer (424)
[2017.04.28-00.03.40:550][357]LogModuleManager: Shutting down and abandoning module IntroTutorials (422)
[2017.04.28-00.03.40:563][357]LogModuleManager: Shutting down and abandoning module GameProjectGeneration (421)
[2017.04.28-00.03.40:580][357]LogModuleManager: Shutting down and abandoning module EditorLiveStreaming (418)
[2017.04.28-00.03.40:581][357]LogModuleManager: Shutting down and abandoning module IOSPlatformEditor (416)
[2017.04.28-00.03.40:581][357]LogModuleManager: Shutting down and abandoning module HTML5PlatformEditor (414)
[2017.04.28-00.03.40:581][357]LogModuleManager: Shutting down and abandoning module AndroidPlatformEditor (412)
[2017.04.28-00.03.40:593][357]LogModuleManager: Shutting down and abandoning module AndroidDeviceDetection (411)
[2017.04.28-00.03.40:977][357]LogModuleManager: Shutting down and abandoning module IOSRuntimeSettings (408)
[2017.04.28-00.03.40:977][357]LogModuleManager: Shutting down and abandoning module AndroidRuntimeSettings (406)
[2017.04.28-00.03.40:977][357]LogModuleManager: Shutting down and abandoning module InputBindingEditor (404)
[2017.04.28-00.03.41:003][357]LogModuleManager: Shutting down and abandoning module NiagaraEditor (402)
[2017.04.28-00.03.41:052][357]LogModuleManager: Shutting down and abandoning module MergeActors (400)
[2017.04.28-00.03.41:070][357]LogModuleManager: Shutting down and abandoning module SizeMap (398)
[2017.04.28-00.03.41:071][357]LogModuleManager: Shutting down and abandoning module TreeMap (396)
[2017.04.28-00.03.41:081][357]LogModuleManager: Shutting down and abandoning module ReferenceViewer (394)
[2017.04.28-00.03.41:081][357]LogModuleManager: Shutting down and abandoning module LocalizationDashboard (392)
[2017.04.28-00.03.41:097][357]LogModuleManager: Shutting down and abandoning module LocalizationService (391)
[2017.04.28-00.03.41:110][357]LogModuleManager: Shutting down and abandoning module HardwareTargeting (388)
[2017.04.28-00.03.41:121][357]LogModuleManager: Shutting down and abandoning module DeviceProfileEditor (386)
[2017.04.28-00.03.41:133][357]LogModuleManager: Shutting down and abandoning module UndoHistory (384)
[2017.04.28-00.03.41:139][357]LogModuleManager: Shutting down and abandoning module UserFeedback (382)
[2017.04.28-00.03.41:139][357]LogModuleManager: Shutting down and abandoning module XmlParser (380)
[2017.04.28-00.03.41:139][357]LogModuleManager: Shutting down and abandoning module Blutility (378)
[2017.04.28-00.03.41:149][357]LogModuleManager: Shutting down and abandoning module ProjectSettingsViewer (376)
[2017.04.28-00.03.41:150][357]LogModuleManager: Shutting down and abandoning module ProjectTargetPlatformEditor (375)
[2017.04.28-00.03.41:150][357]LogModuleManager: Shutting down and abandoning module EditorSettingsViewer (372)
[2017.04.28-00.03.41:150][357]LogModuleManager: Shutting down and abandoning module SettingsEditor (370)
[2017.04.28-00.03.41:191][357]LogModuleManager: Shutting down and abandoning module ProjectLauncher (368)
[2017.04.28-00.03.41:202][357]LogModuleManager: Shutting down and abandoning module SessionFrontend (366)
[2017.04.28-00.03.41:209][357]LogModuleManager: Shutting down and abandoning module ProfilerClient (364)
[2017.04.28-00.03.41:217][357]LogModuleManager: Shutting down and abandoning module DeviceManager (362)
[2017.04.28-00.03.41:230][357]LogModuleManager: Shutting down and abandoning module TargetDeviceServices (361)
[2017.04.28-00.03.41:273][357]LogModuleManager: Shutting down and abandoning module AutomationController (358)
[2017.04.28-00.03.41:278][357]LogModuleManager: Shutting down and abandoning module AutomationWindow (356)
[2017.04.28-00.03.41:300][357]LogModuleManager: Shutting down and abandoning module Layers (354)
[2017.04.28-00.03.41:325][357]LogModuleManager: Shutting down and abandoning module ComponentVisualizers (352)
[2017.04.28-00.03.41:325][357]LogModuleManager: Shutting down and abandoning module DetailCustomizations (350)
[2017.04.28-00.03.41:365][357]LogModuleManager: Shutting down and abandoning module PackagesDialog (348)
[2017.04.28-00.03.41:373][357]LogModuleManager: Shutting down and abandoning module Persona (346)
[2017.04.28-00.03.41:413][357]LogModuleManager: Shutting down and abandoning module AnimGraph (345)
[2017.04.28-00.03.41:413][357]LogModuleManager: Shutting down and abandoning module Kismet (342)
[2017.04.28-00.03.41:450][357]LogModuleManager: Shutting down and abandoning module GraphEditor (340)
[2017.04.28-00.03.41:513][357]LogModuleManager: Shutting down and abandoning module ClassViewer (338)
[2017.04.28-00.03.41:519][357]LogModuleManager: Shutting down and abandoning module Toolbox (336)
[2017.04.28-00.03.41:519][357]LogModuleManager: Shutting down and abandoning module ModuleUI (334)
[2017.04.28-00.03.41:545][357]LogModuleManager: Shutting down and abandoning module MovieSceneTools (332)
[2017.04.28-00.03.41:555][357]LogModuleManager: Shutting down and abandoning module OutputLog (330)
[2017.04.28-00.03.41:601][357]LogModuleManager: Shutting down and abandoning module GammaUI (328)
[2017.04.28-00.03.41:623][357]LogModuleManager: Shutting down and abandoning module Documentation (326)
[2017.04.28-00.03.41:624][357]LogModuleManager: Shutting down and abandoning module Niagara (324)
[2017.04.28-00.03.41:624][357]LogModuleManager: Shutting down and abandoning module StreamingPauseRendering (322)
[2017.04.28-00.03.41:624][357]LogModuleManager: Shutting down and abandoning module AnalyticsET (320)
[2017.04.28-00.03.41:624][357]LogModuleManager: Shutting down and abandoning module PortalServices (318)
[2017.04.28-00.03.41:624][357]LogModuleManager: Shutting down and abandoning module PortalRpc (316)
[2017.04.28-00.03.41:624][357]LogModuleManager: Shutting down and abandoning module MessagingRpc (314)
[2017.04.28-00.03.41:624][357]LogModuleManager: Shutting down and abandoning module AIModule (312)
[2017.04.28-00.03.41:624][357]LogModuleManager: Shutting down and abandoning module GameplayDebugger (311)
[2017.04.28-00.03.41:675][357]LogModuleManager: Shutting down and abandoning module AITestSuite (309)
[2017.04.28-00.03.41:675][357]LogModuleManager: Shutting down and abandoning module ProfilerService (306)
[2017.04.28-00.03.41:904][357]LogModuleManager: Shutting down and abandoning module TaskGraph (304)
[2017.04.28-00.03.41:959][357]LogModuleManager: Shutting down and abandoning module SteamVRController (302)
[2017.04.28-00.03.41:959][357]LogModuleManager: Shutting down and abandoning module SteamVR (300)
[2017.04.28-00.03.41:959][357]LogModuleManager: Shutting down and abandoning module ProceduralMeshComponentEditor (298)
[2017.04.28-00.03.41:959][357]LogModuleManager: Shutting down and abandoning module ProceduralMeshComponent (296)
[2017.04.28-00.03.41:985][357]LogModuleManager: Shutting down and abandoning module OculusLibrary (294)
[2017.04.28-00.03.41:985][357]LogModuleManager: Shutting down and abandoning module OculusInput (292)
[2017.04.28-00.03.41:985][357]LogModuleManager: Shutting down and abandoning module MobilePatchingUtils (290)
[2017.04.28-00.03.41:985][357]LogModuleManager: Shutting down and abandoning module CustomMeshComponent (288)
[2017.04.28-00.03.41:985][357]LogModuleManager: Shutting down and abandoning module CableComponent (286)
[2017.04.28-00.03.41:985][357]LogModuleManager: Shutting down and abandoning module ArchVisCharacter (284)
[2017.04.28-00.03.41:985][357]LogModuleManager: Shutting down and abandoning module MediaPlayerEditor (280)
[2017.04.28-00.03.42:012][357]LogModuleManager: Shutting down and abandoning module HTML5Networking (278)
[2017.04.28-00.03.42:012][357]LogModuleManager: Shutting down and abandoning module AlembicImporter (276)
[2017.04.28-00.03.42:020][357]LogModuleManager: Shutting down and abandoning module AlembicLibrary (275)
[2017.04.28-00.03.42:020][357]LogModuleManager: Shutting down and abandoning module GeometryCache (274)
[2017.04.28-00.03.42:021][357]LogModuleManager: Shutting down and abandoning module GeometryCacheEd (273)
[2017.04.28-00.03.42:021][357]LogModuleManager: Shutting down and abandoning module SuperSearchEditor (268)
[2017.04.28-00.03.42:021][357]LogModuleManager: Shutting down and abandoning module SuperSearch (267)
[2017.04.28-00.03.42:021][357]LogModuleManager: Shutting down and abandoning module SpeedTreeImporter (264)
[2017.04.28-00.03.42:021][357]LogModuleManager: Shutting down and abandoning module PluginBrowser (262)
[2017.04.28-00.03.42:046][357]LogModuleManager: Shutting down and abandoning module MobileLauncherProfileWizard (260)
[2017.04.28-00.03.42:056][357]LogModuleManager: Shutting down and abandoning module EpicSurvey (258)
[2017.04.28-00.03.42:056][357]LogModuleManager: Shutting down and abandoning module VisualStudioSourceCodeAccess (256)
[2017.04.28-00.03.42:056][357]LogModuleManager: Shutting down and abandoning module DesktopPlatform (255)
[2017.04.28-00.03.42:056][357]LogModuleManager: Shutting down and abandoning module UObjectPlugin (252)
[2017.04.28-00.03.42:056][357]LogModuleManager: Shutting down and abandoning module SubversionSourceControl (250)
[2017.04.28-00.03.42:069][357]LogModuleManager: Shutting down and abandoning module PerforceSourceControl (248)
[2017.04.28-00.03.42:093][357]LogModuleManager: Shutting down and abandoning module GitSourceControl (246)
[2017.04.28-00.03.42:118][357]LogModuleManager: Shutting down and abandoning module SourceControl (245)
[2017.04.28-00.03.42:172][357]LogModuleManager: Shutting down and abandoning module LightPropagationVolumeEditor (242)
[2017.04.28-00.03.42:172][357]LogModuleManager: Shutting down and abandoning module PaperTiledImporter (240)
[2017.04.28-00.03.42:172][357]LogModuleManager: Shutting down and abandoning module PaperSpriteSheetImporter (238)
[2017.04.28-00.03.42:172][357]LogModuleManager: Shutting down and abandoning module Paper2DEditor (236)
[2017.04.28-00.03.42:242][357]LogModuleManager: Shutting down and abandoning module MeshPaint (235)
[2017.04.28-00.03.42:255][357]LogModuleManager: Shutting down and abandoning module LevelEditor (233)
[2017.04.28-00.03.42:295][357]LogModuleManager: Shutting down and abandoning module PixelInspectorModule (232)
[2017.04.28-00.03.42:320][357]LogModuleManager: Shutting down and abandoning module MainFrame (230)
[2017.04.28-00.03.42:320][357]LogModuleManager: Shutting down and abandoning module HotReload (229)
[2017.04.28-00.03.42:332][357]LogModuleManager: Shutting down and abandoning module ContentBrowser (225)
[2017.04.28-00.03.42:334][357]LogModuleManager: Shutting down and abandoning module PhysXVehiclesEditor (222)
[2017.04.28-00.03.42:334][357]LogModuleManager: Shutting down and abandoning module PhysXVehicles (220)
[2017.04.28-00.03.42:334][357]LogModuleManager: Shutting down and abandoning module LocationServicesBPLibrary (218)
[2017.04.28-00.03.42:334][357]LogModuleManager: Shutting down and abandoning module UdpMessaging (216)
[2017.04.28-00.03.42:435][357]LogModuleManager: Shutting down and abandoning module TcpMessaging (214)
[2017.04.28-00.03.42:535][357]LogModuleManager: Shutting down and abandoning module GameplayTagsEditor (212)
[2017.04.28-00.03.42:565][357]LogModuleManager: Shutting down and abandoning module FacialAnimationEditor (210)
[2017.04.28-00.03.42:579][357]LogModuleManager: Shutting down and abandoning module FacialAnimation (208)
[2017.04.28-00.03.42:579][357]LogModuleManager: Shutting down and abandoning module LightPropagationVolumeRuntime (206)
[2017.04.28-00.03.42:579][357]LogModuleManager: Shutting down and abandoning module Paper2D (204)
[2017.04.28-00.03.42:591][357]LogModuleManager: Shutting down and abandoning module WindowsMoviePlayer (202)
[2017.04.28-00.03.42:591][357]LogModuleManager: Shutting down and abandoning module WmfMedia (200)
[2017.04.28-00.03.42:592][357]LogModuleManager: Shutting down and abandoning module MfMedia (198)
[2017.04.28-00.03.42:592][357]LogModuleManager: Shutting down and abandoning module MediaAssets (196)
[2017.04.28-00.03.42:592][357]LogModuleManager: Shutting down and abandoning module GameLiveStreaming (194)
[2017.04.28-00.03.42:597][357]LogModuleManager: Shutting down and abandoning module VREditor (192)
[2017.04.28-00.03.42:598][357]LogModuleManager: Shutting down and abandoning module GameplayTasksEditor (190)
[2017.04.28-00.03.42:598][357]LogModuleManager: Shutting down and abandoning module BehaviorTreeEditor (188)
[2017.04.28-00.03.42:624][357]LogModuleManager: Shutting down and abandoning module FunctionalTesting (186)
[2017.04.28-00.03.42:628][357]LogModuleManager: Shutting down and abandoning module CollisionAnalyzer (184)
[2017.04.28-00.03.42:641][357]LogModuleManager: Shutting down and abandoning module UMG (182)
[2017.04.28-00.03.42:666][357]LogModuleManager: Shutting down and abandoning module UMGEditor (181)
[2017.04.28-00.03.42:707][357]LogModuleManager: Shutting down and abandoning module Sequencer (180)
[2017.04.28-00.03.42:727][357]LogModuleManager: Shutting down and abandoning module AssetTools (178)
[2017.04.28-00.03.42:749][357]LogModuleManager: Shutting down and abandoning module MessageLog (177)
[2017.04.28-00.03.42:759][357]LogModuleManager: Shutting down and abandoning module WorkspaceMenuStructure (176)
[2017.04.28-00.03.42:759][357]LogModuleManager: Shutting down and abandoning module SlateReflector (170)
[2017.04.28-00.03.42:819][357]LogModuleManager: Shutting down and abandoning module Slate (168)
[2017.04.28-00.03.42:819][357]LogModuleManager: Shutting down and abandoning module EditorStyle (166)
[2017.04.28-00.03.42:829][357]LogModuleManager: Shutting down and abandoning module SourceCodeAccess (164)
[2017.04.28-00.03.42:841][357]LogModuleManager: Shutting down and abandoning module HeadMountedDisplay (162)
[2017.04.28-00.03.42:842][357]LogModuleManager: Shutting down and abandoning module XAudio2 (160)
[2017.04.28-00.03.42:842][357]LogModuleManager: Shutting down and abandoning module Networking (158)
[2017.04.28-00.03.42:842][357]LogModuleManager: Shutting down and abandoning module Core (154)
[2017.04.28-00.03.42:842][357]LogModuleManager: Shutting down and abandoning module AssetRegistry (152)
[2017.04.28-00.03.43:110][357]LogDirectoryWatcher: A directory notification for '../../../Engine/Content/' was aborted.
[2017.04.28-00.03.43:110][357]LogDirectoryWatcher: A directory notification for '../../../../../../Users/adran/Documents/HorrorGame/SurvivalHorror/Content/' was aborted.
[2017.04.28-00.03.43:110][357]LogDirectoryWatcher: A directory notification for '../../../Engine/Plugins/2D/Paper2D/Content/' was aborted.
[2017.04.28-00.03.43:124][357]LogModuleManager: Shutting down and abandoning module DirectoryWatcher (151)
[2017.04.28-00.03.43:126][357]LogModuleManager: Shutting down and abandoning module KismetCompiler (148)
[2017.04.28-00.03.43:126][357]LogModuleManager: Shutting down and abandoning module PhysXFormats (146)
[2017.04.28-00.03.43:126][357]LogModuleManager: Shutting down and abandoning module MeshUtilities (144)
[2017.04.28-00.03.43:218][357]LogModuleManager: Shutting down and abandoning module SimplygonSwarm (143)
[2017.04.28-00.03.43:248][357]LogModuleManager: Shutting down and abandoning module SimplygonMeshReduction (141)
[2017.04.28-00.03.43:248][357]LogModuleManager: Shutting down and abandoning module QuadricMeshReduction (139)
[2017.04.28-00.03.43:248][357]LogModuleManager: Shutting down and abandoning module PropertyEditor (137)
[2017.04.28-00.03.43:270][357]LogModuleManager: Shutting down and abandoning module DerivedDataCache (134)
[2017.04.28-00.03.43:330][357]LogDerivedDataCache: Shutdown
[2017.04.28-00.03.43:331][357]LogModuleManager: Shutting down and abandoning module TargetPlatform (132)
[2017.04.28-00.03.43:331][357]LogModuleManager: Shutting down and abandoning module VulkanShaderFormat (131)
[2017.04.28-00.03.43:341][357]LogModuleManager: Shutting down and abandoning module ShaderFormatOpenGL (129)
[2017.04.28-00.03.43:349][357]LogModuleManager: Shutting down and abandoning module ShaderFormatD3D (127)
[2017.04.28-00.03.43:349][357]LogModuleManager: Shutting down and abandoning module MetalShaderFormat (125)
[2017.04.28-00.03.43:368][357]LogModuleManager: Shutting down and abandoning module TextureFormatUncompressed (123)
[2017.04.28-00.03.43:368][357]LogModuleManager: Shutting down and abandoning module TextureFormatPVR (121)
[2017.04.28-00.03.43:368][357]LogModuleManager: Shutting down and abandoning module TextureFormatDXT (119)
[2017.04.28-00.03.43:368][357]LogModuleManager: Shutting down and abandoning module TextureFormatIntelISPCTexComp (117)
[2017.04.28-00.03.43:386][357]LogModuleManager: Shutting down and abandoning module TextureFormatASTC (115)
[2017.04.28-00.03.43:386][357]LogModuleManager: Shutting down and abandoning module ImageWrapper (114)
[2017.04.28-00.03.43:386][357]LogModuleManager: Shutting down and abandoning module TextureFormatAndroid (111)
[2017.04.28-00.03.43:386][357]LogModuleManager: Shutting down and abandoning module AudioFormatOpus (109)
[2017.04.28-00.03.43:393][357]LogModuleManager: Shutting down and abandoning module AudioFormatOgg (107)
[2017.04.28-00.03.43:393][357]LogModuleManager: Shutting down and abandoning module AudioFormatADPCM (105)
[2017.04.28-00.03.43:393][357]LogModuleManager: Shutting down and abandoning module LinuxTargetPlatform (103)
[2017.04.28-00.03.43:393][357]LogModuleManager: Shutting down and abandoning module LinuxServerTargetPlatform (101)
[2017.04.28-00.03.43:393][357]LogModuleManager: Shutting down and abandoning module LinuxNoEditorTargetPlatform (99)
[2017.04.28-00.03.43:393][357]LogModuleManager: Shutting down and abandoning module LinuxClientTargetPlatform (97)
[2017.04.28-00.03.43:393][357]LogModuleManager: Shutting down and abandoning module TVOSTargetPlatform (95)
[2017.04.28-00.03.43:393][357]LogModuleManager: Shutting down and abandoning module Messaging (93)
[2017.04.28-00.03.43:393][357]LogModuleManager: Shutting down and abandoning module IOSTargetPlatform (91)
[2017.04.28-00.03.43:393][357]LogModuleManager: Shutting down and abandoning module HTML5TargetPlatform (89)
[2017.04.28-00.03.43:393][357]LogModuleManager: Shutting down and abandoning module Android_PVRTCTargetPlatform (87)
[2017.04.28-00.03.43:393][357]LogModuleManager: Shutting down and abandoning module Android_MultiTargetPlatform (85)
[2017.04.28-00.03.43:393][357]LogModuleManager: Shutting down and abandoning module Android_ETC2TargetPlatform (83)
[2017.04.28-00.03.43:393][357]LogModuleManager: Shutting down and abandoning module Android_ETC1TargetPlatform (81)
[2017.04.28-00.03.43:393][357]LogModuleManager: Shutting down and abandoning module Android_DXTTargetPlatform (79)
[2017.04.28-00.03.43:393][357]LogModuleManager: Shutting down and abandoning module Android_ATCTargetPlatform (77)
[2017.04.28-00.03.43:393][357]LogModuleManager: Shutting down and abandoning module Android_ASTCTargetPlatform (75)
[2017.04.28-00.03.43:393][357]LogModuleManager: Shutting down and abandoning module AndroidTargetPlatform (73)
[2017.04.28-00.03.43:393][357]LogModuleManager: Shutting down and abandoning module WindowsTargetPlatform (71)
[2017.04.28-00.03.43:393][357]LogModuleManager: Shutting down and abandoning module WindowsServerTargetPlatform (69)
[2017.04.28-00.03.43:393][357]LogModuleManager: Shutting down and abandoning module WindowsNoEditorTargetPlatform (67)
[2017.04.28-00.03.43:393][357]LogModuleManager: Shutting down and abandoning module WindowsClientTargetPlatform (65)
[2017.04.28-00.03.43:393][357]LogModuleManager: Shutting down and abandoning module MacTargetPlatform (63)
[2017.04.28-00.03.43:393][357]LogModuleManager: Shutting down and abandoning module MacServerTargetPlatform (61)
[2017.04.28-00.03.43:393][357]LogModuleManager: Shutting down and abandoning module MacNoEditorTargetPlatform (59)
[2017.04.28-00.03.43:393][357]LogModuleManager: Shutting down and abandoning module MacClientTargetPlatform (57)
[2017.04.28-00.03.43:393][357]LogModuleManager: Shutting down and abandoning module AllDesktopTargetPlatform (55)
[2017.04.28-00.03.43:393][357]LogModuleManager: Shutting down and abandoning module InputCore (52)
[2017.04.28-00.03.43:393][357]LogModuleManager: Shutting down and abandoning module Settings (50)
[2017.04.28-00.03.43:394][357]LogModuleManager: Shutting down and abandoning module OculusRift (48)
[2017.04.28-00.03.43:410][357]LogModuleManager: Shutting down and abandoning module GearVR (46)
[2017.04.28-00.03.43:411][357]LogModuleManager: Shutting down and abandoning module ExampleDeviceProfileSelector (44)
[2017.04.28-00.03.43:411][357]LogModuleManager: Shutting down and abandoning module OnlineBlueprintSupport (42)
[2017.04.28-00.03.43:411][357]LogModuleManager: Shutting down and abandoning module OnlineSubsystem (38)
[2017.04.28-00.03.43:411][357]LogOnline:Display: Unloading online subsystem: NULL
[2017.04.28-00.03.43:460][357]LogModuleManager: Shutting down and abandoning module XMPP (37)
[2017.04.28-00.03.43:511][357]LogModuleManager: Shutting down and abandoning module HTTP (35)
[2017.04.28-00.03.43:525][357]LogHttp:Display: Http module shutting down, but needs to wait on 1 outstanding Http requests:
[2017.04.28-00.03.43:525][357]LogHttp:Display: 	verb=[POST] url=[https://datarouter.ol.epicgames.com/datarouter/api/v1/public/data?SessionID=%7B4FCF95E8-47E3-7F43-079C-B2B39DE74E31%7D&AppID=UEEditor.Rocket.Release&AppVersion=4.15.1-3348071%2B%2B%2BUE4%2BRelease-4.15&UserID=bb54dd90465a2dabceb855bd104d8ef5%7Cd8aef7a4ffc24e7f95d216b7460b6510%7Cbc4aa782-2807-4a5b-82ee-322a50828adb&AppEnvironment=datacollector-binary&UploadType=eteventstream] status=Processing
[2017.04.28-00.03.43:532][357]LogModuleManager: Shutting down and abandoning module SSL (34)
[2017.04.28-00.03.43:536][357]LogModuleManager: Shutting down and abandoning module AudioEditor (30)
[2017.04.28-00.03.43:591][357]LogModuleManager: Shutting down and abandoning module TextureCompressor (28)
[2017.04.28-00.03.43:638][357]LogModuleManager: Shutting down and abandoning module ShaderCore (26)
[2017.04.28-00.03.43:638][357]LogModuleManager: Shutting down and abandoning module Landscape (24)
[2017.04.28-00.03.43:638][357]LogModuleManager: Shutting down and abandoning module SlateRHIRenderer (22)
[2017.04.28-00.03.43:700][357]LogModuleManager: Shutting down and abandoning module OpenGLDrv (20)
[2017.04.28-00.03.43:722][357]LogModuleManager: Shutting down and abandoning module D3D11RHI (18)
[2017.04.28-00.03.43:722][357]LogModuleManager: Shutting down and abandoning module AnimGraphRuntime (16)
[2017.04.28-00.03.43:737][357]LogModuleManager: Shutting down and abandoning module Renderer (14)
[2017.04.28-00.03.43:737][357]LogModuleManager: Shutting down and abandoning module Engine (12)
[2017.04.28-00.03.43:737][357]LogModuleManager: Shutting down and abandoning module CoreUObject (10)
[2017.04.28-00.03.43:737][357]LogModuleManager: Shutting down and abandoning module NetworkFile (8)
[2017.04.28-00.03.43:737][357]LogModuleManager: Shutting down and abandoning module StreamingFile (6)
[2017.04.28-00.03.43:737][357]LogModuleManager: Shutting down and abandoning module SandboxFile (4)
[2017.04.28-00.03.43:737][357]LogModuleManager: Shutting down and abandoning module PakFile (2)
[2017.04.28-00.03.43:775][357]LogExit: Exiting.
[2017.04.28-00.03.43:806][357]Log file closed, 04/27/17 20:03:43
